2024-05-16 12:41:43,009 - INFO - Descargando cliente con id : 1
2024-05-16 12:41:43,830 - INFO - Trabajos procesados con id 0000-0002-5636-5725 : 0/0
2024-05-16 15:04:08,965 - INFO - Descargando cliente con id : 1
2024-05-16 15:04:22,241 - INFO - Descargando cliente con id : 1
2024-05-16 15:04:58,234 - INFO - Descargando cliente con id : 1
2024-05-17 08:13:19,315 - INFO - Descargando cliente con id : 1
2024-05-17 09:17:36,953 - INFO - Trabajos procesados con id I168974976 : 9625/9625
2024-05-17 09:23:38,056 - INFO - Trabajos procesados con id I4210104992 : 903/903
2024-05-17 09:23:38,796 - INFO - Trabajos procesados con id 0000-0002-5636-5725 : 0/0
2024-05-17 09:24:17,487 - INFO - Trabajos procesados con id 0000-0003-3823-3953 : 94/94
2024-05-17 09:24:18,141 - INFO - Trabajos procesados con id 0000-0002-3175-1830 : 0/0
2024-05-17 09:24:18,785 - INFO - Trabajos procesados con id 0000-0002-6792-9039 : 0/0
2024-05-17 09:24:19,375 - INFO - Trabajos procesados con id 0000-0002-0355-9235 : 0/0
2024-05-17 09:24:30,785 - INFO - Trabajos procesados con id 0000-0001-5844-5609 : 27/27
2024-05-17 09:24:31,433 - INFO - Trabajos procesados con id 0000-0003-4885-2408 : 0/0
2024-05-17 09:24:43,877 - INFO - Trabajos procesados con id 0000-0002-8926-068X : 29/29
2024-05-17 09:24:44,511 - INFO - Trabajos procesados con id 0000-0001-5799-6193 : 0/0
2024-05-17 09:26:00,555 - INFO - Trabajos procesados con id 0000-0002-7351-5342 : 180/180
2024-05-17 09:26:01,814 - INFO - Trabajos procesados con id 0000-0003-3226-5866 : 0/0
2024-05-17 09:27:17,693 - INFO - Trabajos procesados con id 0000-0001-6122-9130 : 181/181
2024-05-17 09:27:18,318 - INFO - Trabajos procesados con id 0000-0003-2929-9870 : 0/0
2024-05-17 09:27:20,359 - INFO - Trabajos procesados con id 0000-0002-0304-9972 : 0/0
2024-05-17 09:27:20,911 - INFO - Trabajos procesados con id 0000-0001-9828-7035 : 0/0
2024-05-17 09:27:26,536 - INFO - Trabajos procesados con id 0000-0003-0002-3336 : 5/5
2024-05-17 09:27:52,144 - INFO - Trabajos procesados con id 0000-0002-5104-5351 : 60/60
2024-05-17 09:27:52,951 - INFO - Trabajos procesados con id 0000-0002-0513-3596 : 0/0
2024-05-17 09:28:46,173 - INFO - Trabajos procesados con id 0000-0001-7443-2584 : 136/136
2024-05-17 09:29:23,787 - INFO - Trabajos procesados con id 0000-0001-9914-2719 : 94/94
2024-05-17 09:29:24,555 - INFO - Trabajos procesados con id 0000-0002-9019-6283 : 0/0
2024-05-17 09:29:29,664 - INFO - Trabajos procesados con id 0000-0001-9458-9482 : 7/7
2024-05-17 09:30:01,596 - INFO - Trabajos procesados con id https://orcid.org/0000-0003-2043-858X : 81/81
2024-05-17 09:30:03,557 - INFO - Trabajos procesados con id 0000-0003-0213-9404 : 0/0
2024-05-17 09:30:04,250 - INFO - Trabajos procesados con id 0000-0002-8421-1600 : 0/0
2024-05-17 09:30:18,796 - INFO - Trabajos procesados con id 0009-0008-0831-3227 : 35/35
2024-05-17 09:30:56,379 - INFO - Trabajos procesados con id 0000-0003-1990-0001 : 95/95
2024-05-17 09:32:07,669 - INFO - Trabajos procesados con id 0000-0002-1200-2850 : 180/180
2024-05-17 09:32:47,449 - INFO - Trabajos procesados con id 0000-0001-7323-0796 : 87/87
2024-05-17 09:33:14,156 - INFO - Trabajos procesados con id 0000-0002-5219-3233 : 66/66
2024-05-17 09:33:34,086 - INFO - Trabajos procesados con id 0000-0003-3619-9974 : 47/47
2024-05-17 09:33:51,073 - INFO - Trabajos procesados con id 0000-0002-0161-902X : 40/40
2024-05-17 09:33:51,814 - INFO - Trabajos procesados con id 0000-0003-1344-3882 : 0/0
2024-05-17 09:34:29,802 - INFO - Trabajos procesados con id 0000-0003-4798-2745 : 90/90
2024-05-17 09:34:32,449 - INFO - Trabajos procesados con id 0000-0003-3783-7894 : 3/3
2024-05-17 09:34:33,196 - INFO - Trabajos procesados con id 0000-0002-4340-9055 : 0/0
2024-05-17 09:34:34,740 - INFO - Trabajos procesados con id 0000-0001-9389-1401 : 0/0
2024-05-17 09:34:35,342 - INFO - Trabajos procesados con id 0000-0003-1974-5339 : 0/0
2024-05-17 09:35:30,655 - INFO - Trabajos procesados con id 0000-0003-4067-3878 : 141/141
2024-05-17 09:36:05,357 - INFO - Trabajos procesados con id 0000-0002-7809-1075 : 91/91
2024-05-17 09:36:43,551 - INFO - Trabajos procesados con id https://orcid.org/0000-0002-2879-2690 : 82/82
2024-05-17 09:37:54,424 - INFO - Trabajos procesados con id 0000-0001-7867-3457 : 172/172
2024-05-17 09:37:55,015 - INFO - Trabajos procesados con id 0000-0001-8196-3754 : 0/0
2024-05-17 09:37:55,707 - INFO - Trabajos procesados con id 0000-0003-2860-2719 : 0/0
2024-05-17 09:38:35,444 - INFO - Trabajos procesados con id 0000-0001-6500-0157 : 81/81
2024-05-17 09:38:36,309 - INFO - Trabajos procesados con id 0000-0003-1584-177X : 0/0
2024-05-17 09:39:24,335 - INFO - Trabajos procesados con id 0000-0002-9762-9862 : 108/108
2024-05-17 09:40:57,030 - INFO - Trabajos procesados con id 0000-0002-2023-9946 : 228/228
2024-05-17 09:41:21,635 - INFO - Trabajos procesados con id 0000-0003-4528-7781 : 56/56
2024-05-17 09:41:22,374 - INFO - Trabajos procesados con id 0000-0002-5465-3555 : 0/0
2024-05-17 09:41:54,564 - INFO - Trabajos procesados con id 0000-0002-1532-0379 : 71/71
2024-05-17 09:42:19,768 - INFO - Trabajos procesados con id 0000-0003-4136-8656 : 54/54
2024-05-17 09:43:14,692 - INFO - Trabajos procesados con id 0000-0001-6873-1940 : 111/111
2024-05-17 09:43:15,567 - INFO - Trabajos procesados con id 0000-0002-4463-8343 : 0/0
2024-05-17 09:43:16,840 - INFO - Trabajos procesados con id 0000-0001-6111-8924 : 0/0
2024-05-17 09:43:57,316 - INFO - Trabajos procesados con id 0000-0002-7221-3852 : 88/88
2024-05-17 09:43:58,261 - INFO - Trabajos procesados con id 0000-0002-1207-4432 : 0/0
2024-05-17 09:43:58,854 - INFO - Trabajos procesados con id 0000-0002-9411-9971 : 0/0
2024-05-17 09:43:59,417 - INFO - Trabajos procesados con id 0000-0002-4817-8102 : 0/0
2024-05-17 09:44:00,298 - INFO - Trabajos procesados con id 0000-0002-6593-5267 : 0/0
2024-05-17 09:44:16,208 - INFO - Trabajos procesados con id 0000-0001-9900-0104 : 37/37
2024-05-17 09:44:20,855 - INFO - Trabajos procesados con id 0000-0003-3994-3113 : 9/9
2024-05-17 09:45:27,046 - INFO - Trabajos procesados con id 0000-0001-5478-2958 : 157/157
2024-05-17 09:45:28,857 - INFO - Trabajos procesados con id 0000-0002-3671-3147 : 0/0
2024-05-17 09:45:29,545 - INFO - Trabajos procesados con id 0000-0003-4355-2836 : 0/0
2024-05-17 09:46:35,555 - INFO - Trabajos procesados con id 0000-0002-6639-8723 : 168/168
2024-05-17 09:46:36,256 - INFO - Trabajos procesados con id 0000-0001-9895-0167 : 0/0
2024-05-17 09:47:08,478 - INFO - Trabajos procesados con id 0000-0003-2145-5875 : 83/83
2024-05-17 09:47:09,138 - INFO - Trabajos procesados con id 0000-0001-5812-2316 : 0/0
2024-05-17 09:47:48,629 - INFO - Trabajos procesados con id 0000-0003-4546-0513 : 101/101
2024-05-17 09:48:28,420 - INFO - Trabajos procesados con id 0000-0002-9677-6764 : 80/80
2024-05-17 09:48:29,105 - INFO - Trabajos procesados con id 0000-0003-2104-6799 : 0/0
2024-05-17 09:48:29,795 - INFO - Trabajos procesados con id 0000-0001-8291-8541 : 0/0
2024-05-17 09:48:56,976 - INFO - Trabajos procesados con id https://orcid.org/0000-0002-1417-9537 : 68/68
2024-05-17 09:48:58,199 - INFO - Trabajos procesados con id 0000-0002-2585-0576 : 0/0
2024-05-17 09:49:27,280 - INFO - Trabajos procesados con id 0000-0002-6837-7459 : 74/74
2024-05-17 09:50:10,138 - INFO - Trabajos procesados con id 0000-0003-2856-4054 : 120/120
2024-05-17 09:50:10,958 - INFO - Trabajos procesados con id 0000-0001-7068-1583 : 0/0
2024-05-17 09:50:39,908 - INFO - Trabajos procesados con id 0000-0001-7747-2047 : 78/78
2024-05-17 09:51:26,445 - INFO - Trabajos procesados con id 0000-0002-7699-2021 : 130/130
2024-05-17 09:52:08,409 - INFO - Trabajos procesados con id 0000-0003-2228-7631 : 107/107
2024-05-17 09:52:21,211 - INFO - Trabajos procesados con id 0000-0002-7394-1851 : 34/34
2024-05-17 09:52:36,031 - INFO - Trabajos procesados con id 0000-0003-0552-7349 : 41/41
2024-05-17 09:52:52,203 - INFO - Trabajos procesados con id 0000-0001-5360-1000 : 49/49
2024-05-17 09:52:57,731 - INFO - Trabajos procesados con id 0000-0002-0033-9157 : 11/11
2024-05-17 09:53:03,550 - INFO - Trabajos procesados con id 0000-0002-0727-3058 : 13/13
2024-05-17 09:53:04,231 - INFO - Trabajos procesados con id 0000-0002-0347-1284 : 0/0
2024-05-17 09:53:50,240 - INFO - Trabajos procesados con id 0000-0002-9183-8209 : 126/126
2024-05-17 09:53:50,887 - INFO - Trabajos procesados con id 0000-0001-8867-957X : 0/0
2024-05-17 09:53:53,567 - INFO - Trabajos procesados con id 0000-0001-5553-3056 : 4/4
2024-05-17 09:54:24,041 - INFO - Trabajos procesados con id 0000-0002-1256-5338 : 81/81
2024-05-17 09:54:48,919 - INFO - Trabajos procesados con id 0000-0002-4507-958X : 65/65
2024-05-17 09:54:49,566 - INFO - Trabajos procesados con id 0000-0002-1745-4100 : 0/0
2024-05-17 09:54:50,138 - INFO - Trabajos procesados con id 0000-0002-7362-379X : 0/0
2024-05-17 09:54:50,723 - INFO - Trabajos procesados con id 0000-0001-6560-9907 : 0/0
2024-05-17 09:54:51,383 - INFO - Trabajos procesados con id 0000-0002-5010-0814 : 0/0
2024-05-17 09:55:30,562 - INFO - Trabajos procesados con id 0000-0002-5320-9268 : 105/105
2024-05-17 09:55:31,238 - INFO - Trabajos procesados con id 0000-0002-4901-7765 : 0/0
2024-05-17 09:55:52,085 - INFO - Trabajos procesados con id 0000-0002-7468-1334 : 56/56
2024-05-17 09:55:52,753 - INFO - Trabajos procesados con id 0000-0001-9667-3282 : 0/0
2024-05-17 09:56:48,579 - INFO - Trabajos procesados con id 0000-0003-3035-8751 : 141/141
2024-05-17 09:56:49,699 - INFO - Trabajos procesados con id 0000-0002-4171-9498 : 0/0
2024-05-17 09:56:50,791 - INFO - Trabajos procesados con id 0000-0002-7622-1956 : 0/0
2024-05-17 09:57:48,822 - INFO - Trabajos procesados con id 0000-0003-4622-8062 : 165/165
2024-05-17 09:58:25,998 - INFO - Trabajos procesados con id 0000-0003-4147-1311 : 97/97
2024-05-17 09:58:26,594 - INFO - Trabajos procesados con id 0000-0002-5340-0978 : 0/0
2024-05-17 09:58:42,122 - INFO - Trabajos procesados con id 0000-0001-6475-3034 : 35/35
2024-05-17 09:59:07,425 - INFO - Trabajos procesados con id 0000-0002-8451-7642 : 69/69
2024-05-17 09:59:58,682 - INFO - Trabajos procesados con id 0000-0002-0883-2149 : 139/139
2024-05-17 10:01:13,924 - INFO - Trabajos procesados con id 0000-0003-0603-5725 : 221/221
2024-05-17 10:02:17,840 - INFO - Trabajos procesados con id 0000-0001-8248-5272 : 181/181
2024-05-17 10:02:30,159 - INFO - Trabajos procesados con id 0000-0002-3187-5948 : 32/32
2024-05-17 10:02:31,421 - INFO - Trabajos procesados con id 0000-0002-6501-744X : 0/0
2024-05-17 10:02:44,534 - INFO - Trabajos procesados con id 0000-0001-8895-3591 : 31/31
2024-05-17 10:04:13,469 - INFO - Trabajos procesados con id 0000-0001-5767-8734 : 214/214
2024-05-17 10:04:59,923 - INFO - Trabajos procesados con id 0000-0001-6450-8741 : 115/115
2024-05-17 10:05:30,796 - INFO - Trabajos procesados con id 0000-0002-3807-2443 : 76/76
2024-05-17 10:05:43,452 - INFO - Trabajos procesados con id 0000-0002-0816-032X : 27/27
2024-05-17 10:05:44,542 - INFO - Trabajos procesados con id 0000-0003-2304-9715 : 0/0
2024-05-17 10:05:50,892 - INFO - Trabajos procesados con id 0000-0002-4602-4871 : 15/15
2024-05-17 10:06:13,380 - INFO - Trabajos procesados con id 0000-0003-4567-524X : 54/54
2024-05-17 10:06:13,989 - INFO - Trabajos procesados con id 0000-0003-2090-3947 : 0/0
2024-05-17 10:06:14,715 - INFO - Trabajos procesados con id 0000-0002-9702-0408 : 0/0
2024-05-17 10:06:20,282 - INFO - Trabajos procesados con id 0000-0002-8828-4700 : 6/6
2024-05-17 10:06:20,982 - INFO - Trabajos procesados con id 0000-0001-6902-0841 : 0/0
2024-05-17 10:06:21,560 - INFO - Trabajos procesados con id 0000-0003-4253-1689 : 0/0
2024-05-17 10:06:34,429 - INFO - Trabajos procesados con id 0000-0001-8312-0873 : 30/30
2024-05-17 10:06:35,011 - INFO - Trabajos procesados con id 0000-0002-0969-8383 : 0/0
2024-05-17 10:06:35,610 - INFO - Trabajos procesados con id 0000-0002-0838-4534 : 0/0
2024-05-17 10:06:39,773 - INFO - Trabajos procesados con id 0000-0002-4993-1063 : 8/8
2024-05-17 10:06:40,443 - INFO - Trabajos procesados con id 0000-0002-8099-1208 : 0/0
2024-05-17 10:06:48,859 - INFO - Trabajos procesados con id 0000-0002-8755-4051 : 17/17
2024-05-17 10:07:05,247 - INFO - Trabajos procesados con id 0000-0002-0624-9275 : 44/44
2024-05-17 10:07:13,391 - INFO - Trabajos procesados con id 0000-0002-9278-1005 : 19/19
2024-05-17 10:07:14,053 - INFO - Trabajos procesados con id 0000-0001-5610-7745 : 0/0
2024-05-17 10:07:14,606 - INFO - Trabajos procesados con id 0000-0003-4208-2801 : 0/0
2024-05-17 10:07:15,133 - INFO - Trabajos procesados con id 0000-0002-0558-3300 : 0/0
2024-05-17 10:07:18,255 - INFO - Trabajos procesados con id 0000-0001-6252-6014 : 5/5
2024-05-17 10:07:39,387 - INFO - Trabajos procesados con id 0000-0002-6557-0296 : 52/52
2024-05-17 10:07:55,860 - INFO - Trabajos procesados con id 0000-0003-2432-5005 : 39/39
2024-05-17 10:07:57,008 - INFO - Trabajos procesados con id 0000-0002-9874-474X : 0/0
2024-05-17 10:07:57,612 - INFO - Trabajos procesados con id 0000-0003-4417-8604 : 0/0
2024-05-17 10:08:00,727 - INFO - Trabajos procesados con id 0000-0002-3176-3911 : 4/4
2024-05-17 10:08:01,309 - INFO - Trabajos procesados con id 0000-0003-3404-7600 : 0/0
2024-05-17 10:08:17,871 - INFO - Trabajos procesados con id 0000-0003-0532-7072 : 47/47
2024-05-17 10:08:37,401 - INFO - Trabajos procesados con id 0000-0002-8800-721X : 47/47
2024-05-17 10:08:39,840 - INFO - Trabajos procesados con id 0000-0001-6563-5240 : 1/1
2024-05-17 10:08:40,439 - INFO - Trabajos procesados con id 0000-0003-2686-0992 : 0/0
2024-05-17 10:08:41,008 - INFO - Trabajos procesados con id 0000-0002-5778-9183 : 0/0
2024-05-17 10:09:59,267 - INFO - Trabajos procesados con id 0000-0002-0063-0622 : 187/187
2024-05-17 10:10:36,991 - INFO - Trabajos procesados con id 0000-0001-6129-4653 : 87/87
2024-05-17 10:10:48,011 - INFO - Trabajos procesados con id 0000-0002-1703-005X : 20/20
2024-05-17 10:12:46,121 - INFO - Trabajos procesados con id https://orcid.org/0000-0002-2054-9071 : 213/213
2024-05-17 10:13:15,205 - INFO - Trabajos procesados con id 0000-0002-7182-060X : 70/70
2024-05-17 10:13:15,901 - INFO - Trabajos procesados con id 0000-0002-4532-0783 : 0/0
2024-05-17 10:13:16,532 - INFO - Trabajos procesados con id 0000-0001-8028-6915 : 0/0
2024-05-17 10:13:17,064 - INFO - Trabajos procesados con id 0000-0003-1638-5956 : 0/0
2024-05-17 10:13:17,632 - INFO - Trabajos procesados con id 0000-0003-3049-4884 : 0/0
2024-05-17 10:13:18,251 - INFO - Trabajos procesados con id 0000-0003-1813-3058 : 0/0
2024-05-17 10:13:18,796 - INFO - Trabajos procesados con id 0000-0003-2254-5290 : 0/0
2024-05-17 10:13:19,338 - INFO - Trabajos procesados con id 0000-0003-1522-7681 : 0/0
2024-05-17 10:13:19,913 - INFO - Trabajos procesados con id 0000-0003-3580-6744 : 0/0
2024-05-17 10:14:10,158 - INFO - Trabajos procesados con id 0000-0002-8362-8826 : 97/97
2024-05-17 10:15:21,943 - INFO - Trabajos procesados con id 0000-0002-8688-5676 : 196/196
2024-05-17 10:15:40,709 - INFO - Trabajos procesados con id 0000-0003-0061-8946 : 46/46
2024-05-17 10:17:03,366 - INFO - Trabajos procesados con id 0000-0003-0089-2785 : 197/197
2024-05-17 10:17:07,952 - INFO - Trabajos procesados con id 0000-0003-1469-2100 : 8/8
2024-05-17 10:17:16,442 - INFO - Trabajos procesados con id 0000-0003-4400-4460 : 16/16
2024-05-17 10:17:21,321 - INFO - Trabajos procesados con id 0000-0003-2166-8272 : 9/9
2024-05-17 10:18:13,352 - INFO - Trabajos procesados con id 0000-0002-9853-0266 : 127/127
2024-05-17 10:18:29,211 - INFO - Trabajos procesados con id 0000-0002-6871-3424 : 32/32
2024-05-17 10:18:29,865 - INFO - Trabajos procesados con id 0000-0001-7217-4454 : 0/0
2024-05-17 10:18:53,084 - INFO - Trabajos procesados con id 0000-0002-6874-4036 : 56/56
2024-05-17 10:19:29,339 - INFO - Trabajos procesados con id 0000-0002-1681-6181 : 85/85
2024-05-17 10:19:47,950 - INFO - Trabajos procesados con id 0000-0001-6760-4368 : 47/47
2024-05-17 10:19:48,525 - INFO - Trabajos procesados con id 0000-0002-9315-8637 : 0/0
2024-05-17 10:20:00,120 - INFO - Trabajos procesados con id 0000-0003-2980-868X : 28/28
2024-05-17 10:20:00,702 - INFO - Trabajos procesados con id 0000-0001-7061-8058 : 0/0
2024-05-17 10:20:11,209 - INFO - Trabajos procesados con id 0000-0002-1833-4688 : 20/20
2024-05-17 10:20:11,885 - INFO - Trabajos procesados con id 0000-0002-5742-8679 : 0/0
2024-05-17 10:20:12,506 - INFO - Trabajos procesados con id 0000-0001-7867-8805 : 0/0
2024-05-17 10:20:46,971 - INFO - Trabajos procesados con id 0000-0002-1007-640X : 87/87
2024-05-17 10:20:47,645 - INFO - Trabajos procesados con id 0000-0001-6310-8391 : 0/0
2024-05-17 10:20:48,265 - INFO - Trabajos procesados con id 0000-0002-4079-8307 : 0/0
2024-05-17 10:20:49,102 - INFO - Trabajos procesados con id 0000-0002-6438-423X : 0/0
2024-05-17 10:20:49,772 - INFO - Trabajos procesados con id 0000-0002-8168-7486 : 0/0
2024-05-17 10:21:07,617 - INFO - Trabajos procesados con id 0000-0003-0538-4579 : 43/43
2024-05-17 10:21:08,176 - INFO - Trabajos procesados con id 0000-0002-8765-4060 : 0/0
2024-05-17 10:21:09,483 - INFO - Trabajos procesados con id 0009-0009-8618-2661 : 0/0
2024-05-17 10:21:11,217 - INFO - Trabajos procesados con id 0000-0002-0323-8183 : 0/0
2024-05-17 10:23:03,020 - INFO - Trabajos procesados con id 0000-0002-6286-5638 : 300/300
2024-05-17 10:23:19,152 - INFO - Trabajos procesados con id 0000-0001-8911-4941 : 41/41
2024-05-17 10:24:26,493 - INFO - Trabajos procesados con id 0000-0002-8703-5489 : 159/159
2024-05-17 10:24:27,101 - INFO - Trabajos procesados con id 0000-0002-4282-3692 : 0/0
2024-05-17 10:28:26,331 - INFO - Trabajos procesados con id 0000-0003-3709-1690 : 595/595
2024-05-17 10:28:27,941 - INFO - Trabajos procesados con id 0000-0002-1143-6382 : 0/0
2024-05-17 10:28:29,245 - INFO - Trabajos procesados con id 0000-0002-4180-1539 : 0/0
2024-05-17 10:28:51,962 - INFO - Trabajos procesados con id 0000-0002-9990-9702 : 52/52
2024-05-17 10:29:13,489 - INFO - Trabajos procesados con id 0000-0002-6183-8988 : 48/48
2024-05-17 10:29:16,050 - INFO - Trabajos procesados con id 0000-0002-1631-1386 : 2/2
2024-05-17 10:29:18,020 - INFO - Trabajos procesados con id 0000-0002-8003-9241 : 0/0
2024-05-17 10:30:09,437 - INFO - Trabajos procesados con id 0000-0001-8471-9415 : 94/94
2024-05-17 10:30:17,197 - INFO - Trabajos procesados con id 0000-0002-2018-7269 : 17/17
2024-05-17 10:31:06,091 - INFO - Trabajos procesados con id 0000-0002-4516-9534 : 110/110
2024-05-17 10:31:09,490 - INFO - Trabajos procesados con id 0000-0002-4614-5120 : 3/3
2024-05-17 10:31:26,809 - INFO - Trabajos procesados con id 0000-0002-9008-7722 : 44/44
2024-05-17 10:31:59,412 - INFO - Trabajos procesados con id 0000-0003-2232-7971 : 90/90
2024-05-17 10:32:14,722 - INFO - Trabajos procesados con id 0000-0003-2859-1116 : 41/41
2024-05-17 10:32:15,421 - INFO - Trabajos procesados con id 0000-0003-2009-8247 : 0/0
2024-05-17 10:32:16,302 - INFO - Trabajos procesados con id 0000-0001-5359-420X : 0/0
2024-05-17 10:32:31,261 - INFO - Trabajos procesados con id 0000-0002-7621-7455 : 40/40
2024-05-17 10:32:31,926 - INFO - Trabajos procesados con id 0000-0002-8611-7247 : 0/0
2024-05-17 10:32:32,659 - INFO - Trabajos procesados con id 0000-0002-8922-6115 : 0/0
2024-05-17 10:32:59,064 - INFO - Trabajos procesados con id 0000-0003-3359-1401 : 73/73
2024-05-17 10:33:26,675 - INFO - Trabajos procesados con id 0000-0002-2484-4238 : 83/83
2024-05-17 10:33:27,340 - INFO - Trabajos procesados con id 0000-0002-9927-1489 : 0/0
2024-05-17 10:33:28,239 - INFO - Trabajos procesados con id 0000-0002-3867-3986 : 0/0
2024-05-17 10:33:28,799 - INFO - Trabajos procesados con id 0000-0002-9696-3826 : 0/0
2024-05-17 10:33:29,391 - INFO - Trabajos procesados con id 0000-0003-2906-9864 : 0/0
2024-05-17 10:33:29,978 - INFO - Trabajos procesados con id 0000-0002-9632-4119 : 0/0
2024-05-17 10:33:30,521 - INFO - Trabajos procesados con id 0000-0002-8307-6670 : 0/0
2024-05-17 10:33:54,225 - INFO - Trabajos procesados con id 0000-0003-2655-8865 : 70/70
2024-05-17 10:33:54,888 - INFO - Trabajos procesados con id 0000-0003-3821-2896 : 0/0
2024-05-17 10:34:14,929 - INFO - Trabajos procesados con id 0000-0002-8180-4769 : 52/52
2024-05-17 10:34:21,246 - INFO - Trabajos procesados con id 0000-0003-4793-7987 : 16/16
2024-05-17 10:34:23,947 - INFO - Trabajos procesados con id 0000-0001-7996-3587 : 4/4
2024-05-17 10:34:27,828 - INFO - Trabajos procesados con id 0000-0003-4466-1962 : 7/7
2024-05-17 10:34:32,907 - INFO - Trabajos procesados con id 0000-0002-0083-6401 : 13/13
2024-05-17 10:34:33,537 - INFO - Trabajos procesados con id 0000-0003-3747-603X : 0/0
2024-05-17 10:34:57,678 - INFO - Trabajos procesados con id 0000-0002-7890-7505 : 67/67
2024-05-17 10:35:05,207 - INFO - Trabajos procesados con id 0000-0002-8496-7280 : 18/18
2024-05-17 10:35:26,104 - INFO - Trabajos procesados con id 0000-0002-6300-9307 : 60/60
2024-05-17 10:36:19,704 - INFO - Trabajos procesados con id 0000-0001-6754-916X : 165/165
2024-05-17 10:36:51,679 - INFO - Trabajos procesados con id 0000-0003-1897-2361 : 95/94
2024-05-17 10:36:52,419 - INFO - Trabajos procesados con id 0000-0002-6908-0657 : 0/0
2024-05-17 10:37:12,926 - INFO - Trabajos procesados con id 0000-0001-8086-907X : 58/58
2024-05-17 10:37:56,609 - INFO - Trabajos procesados con id 0000-0003-0852-5269 : 128/128
2024-05-17 10:37:57,384 - INFO - Trabajos procesados con id 0000-0001-5259-593X : 0/0
2024-05-17 10:38:31,609 - INFO - Trabajos procesados con id 0000-0002-0801-8462 : 104/104
2024-05-17 10:38:32,193 - INFO - Trabajos procesados con id 0000-0003-2807-6499 : 0/0
2024-05-17 10:38:46,586 - INFO - Trabajos procesados con id 0000-0002-5563-2836 : 42/42
2024-05-17 10:40:00,824 - INFO - Trabajos procesados con id 0000-0002-9672-8279 : 206/206
2024-05-17 10:40:01,509 - INFO - Trabajos procesados con id 0000-0002-1888-3513 : 0/0
2024-05-17 10:41:05,245 - INFO - Trabajos procesados con id 0000-0002-8917-0318 : 195/195
2024-05-17 10:41:40,177 - INFO - Trabajos procesados con id 0000-0002-0434-7250 : 103/103
2024-05-17 10:42:30,405 - INFO - Trabajos procesados con id 0000-0001-8120-167X : 153/153
2024-05-17 10:43:23,482 - INFO - Trabajos procesados con id 0000-0003-4403-4790 : 150/150
2024-05-17 10:44:37,181 - INFO - Trabajos procesados con id 0000-0003-3778-7065 : 218/218
2024-05-17 10:44:38,418 - INFO - Trabajos procesados con id 0000-0003-0123-9905 : 0/0
2024-05-17 10:44:39,754 - INFO - Trabajos procesados con id 0000-0002-1695-3311 : 0/0
2024-05-17 10:44:48,874 - INFO - Trabajos procesados con id 0000-0001-7402-1742 : 20/20
2024-05-17 10:45:16,165 - INFO - Trabajos procesados con id 0000-0002-7744-9805 : 74/74
2024-05-17 10:45:41,714 - INFO - Trabajos procesados con id https://orcid.org/0000-0001-8122-6359 : 77/77
2024-05-17 10:47:11,012 - INFO - Trabajos procesados con id 0000-0002-6497-2162 : 276/276
2024-05-17 10:47:41,487 - INFO - Trabajos procesados con id 0000-0002-6539-7171 : 81/81
2024-05-17 10:48:26,596 - INFO - Trabajos procesados con id 0000-0003-2772-6453 : 129/129
2024-05-17 10:49:53,008 - INFO - Trabajos procesados con id 0000-0001-5597-8127 : 246/246
2024-05-17 10:49:53,661 - INFO - Trabajos procesados con id 0000-0001-6370-3537 : 0/0
2024-05-17 10:49:54,327 - INFO - Trabajos procesados con id 0000-0002-2195-2524 : 0/0
2024-05-17 10:50:35,120 - INFO - Trabajos procesados con id 0000-0001-6749-4592 : 115/115
2024-05-17 10:50:55,074 - INFO - Trabajos procesados con id 0000-0003-3576-0889 : 56/56
2024-05-17 10:51:08,696 - INFO - Trabajos procesados con id 0000-0002-3052-6404 : 34/34
2024-05-17 10:52:28,164 - INFO - Trabajos procesados con id 0000-0002-0645-4068 : 239/239
2024-05-17 10:53:31,747 - INFO - Trabajos procesados con id 0000-0002-8841-2653 : 179/179
2024-05-17 10:53:32,991 - INFO - Trabajos procesados con id 0000-0002-5627-7565 : 0/0
2024-05-17 10:54:33,426 - INFO - Trabajos procesados con id 0000-0001-8890-8977 : 160/160
2024-05-17 10:55:00,370 - INFO - Trabajos procesados con id 0000-0002-3918-0155 : 72/72
2024-05-17 10:55:44,334 - INFO - Trabajos procesados con id 0000-0002-3063-7374 : 125/125
2024-05-17 10:55:54,042 - INFO - Trabajos procesados con id 0000-0002-9840-5772 : 26/26
2024-05-17 10:55:54,617 - INFO - Trabajos procesados con id 0000-0002-6779-5608 : 0/0
2024-05-17 10:56:05,379 - INFO - Trabajos procesados con id 0000-0001-5354-8940 : 29/29
2024-05-17 10:56:06,009 - INFO - Trabajos procesados con id 0000-0001-8472-2606 : 0/0
2024-05-17 10:56:59,629 - INFO - Trabajos procesados con id 0000-0002-2457-4258 : 151/151
2024-05-17 10:57:00,291 - INFO - Trabajos procesados con id 0000-0002-0458-0060 : 0/0
2024-05-17 10:57:00,923 - INFO - Trabajos procesados con id 0000-0003-3228-9382 : 0/0
2024-05-17 10:57:27,421 - INFO - Trabajos procesados con id 0000-0002-5850-8494 : 80/80
2024-05-17 10:57:47,137 - INFO - Trabajos procesados con id 0000-0001-5778-4748 : 58/58
2024-05-17 10:57:47,792 - INFO - Trabajos procesados con id 0000-0003-0972-0787 : 0/0
2024-05-17 10:58:08,502 - INFO - Trabajos procesados con id 0000-0001-9158-4053 : 59/59
2024-05-17 10:59:26,884 - INFO - Trabajos procesados con id 0000-0002-2405-8771 : 246/246
2024-05-17 10:59:27,693 - INFO - Trabajos procesados con id 0000-0002-8415-4343 : 0/0
2024-05-17 10:59:28,391 - INFO - Trabajos procesados con id 0000-0002-9113-7998 : 0/0
2024-05-17 11:00:14,450 - INFO - Trabajos procesados con id 0000-0002-2903-1332 : 115/115
2024-05-17 11:00:50,020 - INFO - Trabajos procesados con id 0000-0002-6490-1428 : 94/94
2024-05-17 11:01:44,207 - INFO - Trabajos procesados con id 0000-0001-8323-1768 : 155/155
2024-05-17 11:02:05,870 - INFO - Trabajos procesados con id https://orcid.org/0000-0002-9500-5343 : 54/54
2024-05-17 11:02:35,276 - INFO - Trabajos procesados con id 0000-0002-0272-2504 : 82/82
2024-05-17 11:03:29,064 - INFO - Trabajos procesados con id 0000-0002-6379-8844 : 170/170
2024-05-17 11:03:54,178 - INFO - Trabajos procesados con id 0000-0002-5615-4194 : 71/71
2024-05-17 11:04:27,885 - INFO - Trabajos procesados con id 0000-0002-0653-560X : 96/96
2024-05-17 11:04:33,583 - INFO - Trabajos procesados con id 0000-0002-9187-3434 : 14/14
2024-05-17 11:04:34,145 - INFO - Trabajos procesados con id 0000-0001-9235-7311 : 0/0
2024-05-17 11:05:19,752 - INFO - Trabajos procesados con id 0000-0003-2720-1788 : 123/123
2024-05-17 11:05:43,795 - INFO - Trabajos procesados con id 0000-0002-1578-1626 : 70/70
2024-05-17 11:06:08,821 - INFO - Trabajos procesados con id 0000-0003-4642-7977 : 66/66
2024-05-17 11:06:19,801 - INFO - Trabajos procesados con id 0000-0002-2072-1644 : 27/27
2024-05-17 11:06:20,544 - INFO - Trabajos procesados con id 0000-0003-1193-2420 : 0/0
2024-05-17 11:06:21,134 - INFO - Trabajos procesados con id 0000-0003-4378-4178 : 0/0
2024-05-17 11:06:36,807 - INFO - Trabajos procesados con id 0000-0002-5917-4887 : 44/44
2024-05-17 11:07:22,124 - INFO - Trabajos procesados con id 0000-0002-9660-7944 : 134/134
2024-05-17 11:07:37,848 - INFO - Trabajos procesados con id 0000-0002-6547-5301 : 42/42
2024-05-17 11:07:45,317 - INFO - Trabajos procesados con id 0000-0002-4984-842X : 18/18
2024-05-17 11:08:01,143 - INFO - Trabajos procesados con id 0000-0002-5633-4849 : 42/42
2024-05-17 11:08:11,863 - INFO - Trabajos procesados con id 0000-0001-5008-0625 : 26/26
2024-05-17 11:08:39,213 - INFO - Trabajos procesados con id 0000-0003-1865-5200 : 74/74
2024-05-17 11:09:03,963 - INFO - Trabajos procesados con id 0000-0002-3304-0936 : 72/72
2024-05-17 11:09:33,662 - INFO - Trabajos procesados con id 0000-0002-7227-7944 : 81/81
2024-05-17 11:09:34,464 - INFO - Trabajos procesados con id 0000-0001-5438-5995 : 0/0
2024-05-17 11:09:37,179 - INFO - Trabajos procesados con id 0000-0002-2801-6616 : 4/4
2024-05-17 11:09:37,863 - INFO - Trabajos procesados con id 0000-0002-8580-8302 : 0/0
2024-05-17 11:10:14,705 - INFO - Trabajos procesados con id 0000-0003-4684-659X : 99/99
2024-05-17 11:10:50,370 - INFO - Trabajos procesados con id 0000-0003-4370-4799 : 78/78
2024-05-17 11:10:51,061 - INFO - Trabajos procesados con id 0000-0002-3772-7276 : 0/0
2024-05-17 11:11:14,406 - INFO - Trabajos procesados con id 0000-0001-6604-7993 : 47/47
2024-05-17 11:11:39,029 - INFO - Trabajos procesados con id 0000-0002-4154-1394 : 64/64
2024-05-17 11:13:18,260 - INFO - Trabajos procesados con id 0000-0001-7453-5225 : 273/273
2024-05-17 11:13:25,901 - INFO - Trabajos procesados con id 0000-0001-6195-5722 : 22/22
2024-05-17 11:13:29,085 - INFO - Trabajos procesados con id 0000-0002-0779-2704 : 2/2
2024-05-17 11:13:31,059 - INFO - Trabajos procesados con id 0000-0002-2351-3007 : 2/2
2024-05-17 11:14:11,426 - INFO - Trabajos procesados con id 0000-0002-7389-4039 : 122/122
2024-05-17 11:14:14,522 - INFO - Trabajos procesados con id 0000-0001-5511-7298 : 5/5
2024-05-17 11:14:59,605 - INFO - Trabajos procesados con id 0000-0002-4979-1080 : 134/134
2024-05-17 11:15:20,729 - INFO - Trabajos procesados con id 0000-0001-9745-417X : 58/58
2024-05-17 11:15:21,602 - INFO - Trabajos procesados con id 0000-0002-9029-7180 : 0/0
2024-05-17 11:15:22,968 - INFO - Trabajos procesados con id 0000-0001-7893-7918 : 0/0
2024-05-17 11:15:53,199 - INFO - Trabajos procesados con id 0000-0002-7592-3753 : 85/85
2024-05-17 11:15:53,906 - INFO - Trabajos procesados con id 0000-0003-2916-1150 : 0/0
2024-05-17 11:16:58,746 - INFO - Trabajos procesados con id 0000-0003-3597-2048 : 170/170
2024-05-17 11:17:15,495 - INFO - Trabajos procesados con id 0000-0001-6227-075X : 46/46
2024-05-17 11:17:16,180 - INFO - Trabajos procesados con id 0000-0003-1853-9621 : 0/0
2024-05-17 11:17:28,284 - INFO - Trabajos procesados con id 0000-0003-1208-8380 : 32/32
2024-05-17 11:17:31,291 - INFO - Trabajos procesados con id 0000-0002-8731-4672 : 5/5
2024-05-17 11:17:33,276 - INFO - Trabajos procesados con id 0000-0002-0881-7205 : 0/0
2024-05-17 11:17:34,488 - INFO - Trabajos procesados con id 0000-0002-3581-9206 : 0/0
2024-05-17 11:17:35,167 - INFO - Trabajos procesados con id 0000-0003-3824-170X : 0/0
2024-05-17 11:17:44,140 - INFO - Trabajos procesados con id 0000-0002-6195-9165 : 23/23
2024-05-17 11:18:08,600 - INFO - Trabajos procesados con id 0000-0001-8795-0858 : 75/75
2024-05-17 11:18:09,223 - INFO - Trabajos procesados con id 0000-0002-5651-8170 : 0/0
2024-05-17 11:18:11,613 - INFO - Trabajos procesados con id 0000-0002-5227-0737 : 3/3
2024-05-17 11:18:48,018 - INFO - Trabajos procesados con id 0000-0002-8792-872X : 102/102
2024-05-17 11:18:49,373 - INFO - Trabajos procesados con id 0000-0001-7973-5381 : 0/0
2024-05-17 11:18:50,082 - INFO - Trabajos procesados con id 0000-0001-8122-4812 : 0/0
2024-05-17 11:18:52,032 - INFO - Trabajos procesados con id 0000-0002-5502-4232 : 0/0
2024-05-17 11:18:55,292 - INFO - Trabajos procesados con id 0000-0001-5684-1990 : 4/4
2024-05-17 11:18:55,936 - INFO - Trabajos procesados con id 0000-0003-2789-3315 : 0/0
2024-05-17 11:19:13,147 - INFO - Trabajos procesados con id 0000-0001-9143-4784 : 47/47
2024-05-17 11:20:01,894 - INFO - Trabajos procesados con id https://orcid.org/0000-0003-4049-0879 : 124/124
2024-05-17 11:20:10,931 - INFO - Trabajos procesados con id 0000-0002-0522-9694 : 18/18
2024-05-17 11:20:11,671 - INFO - Trabajos procesados con id 0000-0002-1783-4322 : 0/0
2024-05-17 11:20:20,111 - INFO - Trabajos procesados con id 0000-0002-4678-9727 : 19/19
2024-05-17 11:20:35,732 - INFO - Trabajos procesados con id 0000-0001-5023-3150 : 43/43
2024-05-17 11:20:42,347 - INFO - Trabajos procesados con id 0000-0002-7521-2097 : 15/15
2024-05-17 11:21:11,895 - INFO - Trabajos procesados con id 0000-0003-2742-0980 : 72/72
2024-05-17 11:22:32,794 - INFO - Trabajos procesados con id 0000-0003-0105-4337 : 222/222
2024-05-17 11:22:33,532 - INFO - Trabajos procesados con id 0000-0002-6763-5436 : 0/0
2024-05-17 11:22:41,109 - INFO - Trabajos procesados con id 0000-0003-3749-4377 : 20/20
2024-05-17 11:23:02,845 - INFO - Trabajos procesados con id 0000-0002-3018-6809 : 62/62
2024-05-17 11:23:25,774 - INFO - Trabajos procesados con id 0000-0002-9436-6577 : 61/61
2024-05-17 11:24:07,986 - INFO - Trabajos procesados con id 0000-0001-5902-6078 : 121/121
2024-05-17 11:24:08,726 - INFO - Trabajos procesados con id 0000-0002-3432-9037 : 0/0
2024-05-17 11:24:10,457 - INFO - Trabajos procesados con id 0000-0001-8461-2116 : 0/0
2024-05-17 11:24:41,747 - INFO - Trabajos procesados con id 0000-0003-3215-578X : 91/91
2024-05-17 11:24:56,793 - INFO - Trabajos procesados con id 0000-0003-2478-0198 : 37/37
2024-05-17 11:25:36,881 - INFO - Trabajos procesados con id https://orcid.org/0000-0003-0852-3677 : 108/108
2024-05-17 11:25:59,676 - INFO - Trabajos procesados con id https://orcid.org/0000-0002-9450-2305 : 53/53
2024-05-17 11:26:28,648 - INFO - Trabajos procesados con id 0000-0002-3042-4803 : 74/74
2024-05-17 11:27:06,822 - INFO - Trabajos procesados con id 0000-0002-0932-9596 : 102/102
2024-05-17 11:27:22,342 - INFO - Trabajos procesados con id 0000-0003-1766-2855 : 46/46
2024-05-17 11:28:36,611 - INFO - Trabajos procesados con id https://orcid.org/0000-0001-7225-2272 : 205/205
2024-05-17 11:28:38,845 - INFO - Trabajos procesados con id 0000-0002-8543-788X : 0/0
2024-05-17 11:29:03,608 - INFO - Trabajos procesados con id https://orcid.org/0000-0002-1343-6781 : 69/69
2024-05-17 11:29:04,261 - INFO - Trabajos procesados con id 0000-0002-6569-4635 : 0/0
2024-05-17 11:29:04,857 - INFO - Trabajos procesados con id 0000-0001-9223-0898 : 0/0
2024-05-17 11:29:11,933 - INFO - Trabajos procesados con id 0000-0002-4350-0940 : 19/19
2024-05-17 11:30:21,259 - INFO - Trabajos procesados con id 0000-0003-1755-3413 : 187/187
2024-05-17 11:30:54,070 - INFO - Trabajos procesados con id 0000-0002-5746-1372 : 87/87
2024-05-17 11:30:55,448 - INFO - Trabajos procesados con id 0000-0002-5266-9043 : 0/0
2024-05-17 11:30:56,060 - INFO - Trabajos procesados con id 0000-0002-5382-0585 : 0/0
2024-05-17 11:31:04,283 - INFO - Trabajos procesados con id 0000-0003-1714-2796 : 20/20
2024-05-17 11:32:58,377 - INFO - Trabajos procesados con id 0000-0001-7388-1660 : 318/318
2024-05-17 11:33:10,974 - INFO - Trabajos procesados con id 0000-0002-9728-4892 : 27/27
2024-05-17 11:33:18,165 - INFO - Trabajos procesados con id 0000-0002-9462-3668 : 18/18
2024-05-17 11:33:33,756 - INFO - Trabajos procesados con id 0000-0001-6368-3732 : 43/43
2024-05-17 11:33:34,936 - INFO - Trabajos procesados con id 0000-0001-7884-9491 : 0/0
2024-05-17 11:33:35,608 - INFO - Trabajos procesados con id 0000-0001-5412-8585 : 0/0
2024-05-17 11:34:32,832 - INFO - Trabajos procesados con id 0000-0003-4775-1306 : 155/155
2024-05-17 11:34:58,501 - INFO - Trabajos procesados con id 0000-0001-9907-1148 : 72/72
2024-05-17 11:35:30,034 - INFO - Trabajos procesados con id 0000-0002-7266-9665 : 80/80
2024-05-17 11:35:37,353 - INFO - Trabajos procesados con id 0000-0002-3154-8082 : 17/17
2024-05-17 11:38:33,388 - INFO - Trabajos procesados con id 0000-0003-4882-4044 : 510/510
2024-05-17 11:38:34,032 - INFO - Trabajos procesados con id 0000-0002-8292-0796 : 0/0
2024-05-17 11:38:35,233 - INFO - Trabajos procesados con id 0000-0001-5188-9565 : 0/0
2024-05-17 11:39:10,642 - INFO - Trabajos procesados con id 0000-0001-5181-3173 : 86/86
2024-05-17 11:39:16,187 - INFO - Trabajos procesados con id 0000-0002-5172-3271 : 11/11
2024-05-17 11:39:26,785 - INFO - Trabajos procesados con id 0000-0002-7062-5650 : 25/25
2024-05-17 11:39:50,455 - INFO - Trabajos procesados con id 0000-0001-5282-7251 : 65/65
2024-05-17 11:40:08,844 - INFO - Trabajos procesados con id 0000-0003-4054-4232 : 49/49
2024-05-17 11:40:09,464 - INFO - Trabajos procesados con id 0000-0001-5674-7558 : 0/0
2024-05-17 11:41:06,425 - INFO - Trabajos procesados con id 0000-0001-9408-5575 : 159/159
2024-05-17 11:41:07,241 - INFO - Trabajos procesados con id 0000-0001-6112-0063 : 0/0
2024-05-17 11:41:07,973 - INFO - Trabajos procesados con id 0000-0001-7053-1024 : 0/0
2024-05-17 11:41:08,535 - INFO - Trabajos procesados con id 0000-0001-9973-2604 : 0/0
2024-05-17 11:41:31,762 - INFO - Trabajos procesados con id 0000-0002-1243-3642 : 65/65
2024-05-17 11:41:33,537 - INFO - Trabajos procesados con id 0000-0002-7179-7446 : 0/0
2024-05-17 11:41:39,014 - INFO - Trabajos procesados con id 0000-0003-4601-0880 : 10/10
2024-05-17 11:42:05,391 - INFO - Trabajos procesados con id 0000-0002-6978-1867 : 77/77
2024-05-17 11:42:06,688 - INFO - Trabajos procesados con id 0000-0001-8921-2314 : 0/0
2024-05-17 11:42:15,125 - INFO - Trabajos procesados con id 0000-0001-7340-0038 : 20/20
2024-05-17 11:43:06,026 - INFO - Trabajos procesados con id 0000-0002-0048-9315 : 138/138
2024-05-17 11:43:17,261 - INFO - Trabajos procesados con id 0000-0001-5878-8185 : 30/30
2024-05-17 11:43:17,962 - INFO - Trabajos procesados con id 0000-0002-8657-0607 : 0/0
2024-05-17 11:43:33,418 - INFO - Trabajos procesados con id 0000-0003-1629-152X : 41/41
2024-05-17 11:43:43,421 - INFO - Trabajos procesados con id 0000-0001-8306-8710 : 23/23
2024-05-17 11:43:45,588 - INFO - Trabajos procesados con id 0000-0003-0137-9297 : 0/0
2024-05-17 11:44:09,526 - INFO - Trabajos procesados con id 0000-0003-0413-4965 : 66/66
2024-05-17 11:44:26,403 - INFO - Trabajos procesados con id 0000-0001-9313-5104 : 46/46
2024-05-17 11:44:59,998 - INFO - Trabajos procesados con id https://orcid.org/0000-0002-0111-1437 : 96/96
2024-05-17 11:45:01,431 - INFO - Trabajos procesados con id 0000-0002-3625-0824 : 0/0
2024-05-17 11:45:03,132 - INFO - Trabajos procesados con id 0000-0001-7666-3642 : 0/0
2024-05-17 11:45:05,284 - INFO - Trabajos procesados con id https://orcid.org/0000-0003-0023-3069 : 0/0
2024-05-17 11:45:48,846 - INFO - Trabajos procesados con id 0000-0002-6937-3986 : 104/104
2024-05-17 11:45:50,434 - INFO - Trabajos procesados con id 0000-0001-7226-1048 : 0/0
2024-05-17 11:45:51,097 - INFO - Trabajos procesados con id 0000-0002-6995-4625 : 0/0
2024-05-17 11:45:53,869 - INFO - Trabajos procesados con id 0000-0002-2276-789X : 2/2
2024-05-17 11:47:14,362 - INFO - Trabajos procesados con id 0000-0002-6991-5706 : 236/236
2024-05-17 11:47:48,815 - INFO - Trabajos procesados con id 0000-0002-7628-9475 : 100/100
2024-05-17 11:47:53,667 - INFO - Trabajos procesados con id 0000-0002-7980-230X : 7/7
2024-05-17 11:47:54,894 - INFO - Trabajos procesados con id 0000-0002-8437-6157 : 0/0
2024-05-17 11:47:55,517 - INFO - Trabajos procesados con id 0000-0003-4086-5386 : 0/0
2024-05-17 11:48:13,814 - INFO - Trabajos procesados con id 0000-0001-5755-9567 : 46/46
2024-05-17 11:48:29,646 - INFO - Trabajos procesados con id 0000-0001-8227-5304 : 43/43
2024-05-17 11:48:30,393 - INFO - Trabajos procesados con id 0000-0002-9885-7189 : 0/0
2024-05-17 11:48:31,140 - INFO - Trabajos procesados con id 0000-0001-6989-7790 : 0/0
2024-05-17 11:48:31,663 - INFO - Trabajos procesados con id 0000-0001-7598-2078 : 0/0
2024-05-17 11:49:09,171 - INFO - Trabajos procesados con id https://orcid.org/0000-0003-3329-0203 : 92/92
2024-05-17 11:49:14,397 - INFO - Trabajos procesados con id 0000-0002-2431-2856 : 12/12
2024-05-17 11:49:23,076 - INFO - Trabajos procesados con id 0000-0003-2125-6016 : 23/23
2024-05-17 11:49:33,530 - INFO - Trabajos procesados con id 0000-0002-1460-867X : 25/25
2024-05-17 11:50:03,572 - INFO - Trabajos procesados con id 0000-0001-6489-0418 : 76/76
2024-05-17 11:50:04,825 - INFO - Trabajos procesados con id 0000-0003-0098-2537 : 0/0
2024-05-17 11:50:24,957 - INFO - Trabajos procesados con id 0000-0001-7958-1271 : 51/51
2024-05-17 11:50:25,728 - INFO - Trabajos procesados con id 0000-0002-9835-846X : 0/0
2024-05-17 11:50:36,069 - INFO - Trabajos procesados con id 0000-0001-7171-1852 : 23/23
2024-05-17 11:50:42,420 - INFO - Trabajos procesados con id 0000-0003-4275-3062 : 9/9
2024-05-17 11:50:55,043 - INFO - Trabajos procesados con id 0000-0001-5356-7391 : 30/30
2024-05-17 11:51:04,894 - INFO - Trabajos procesados con id 0000-0002-7312-6785 : 23/23
2024-05-17 11:51:06,164 - INFO - Trabajos procesados con id 0000-0002-3124-1902 : 0/0
2024-05-17 11:51:06,776 - INFO - Trabajos procesados con id 0000-0003-1077-5486 : 0/0
2024-05-17 11:51:07,351 - INFO - Trabajos procesados con id 0000-0002-6475-0228 : 0/0
2024-05-17 11:52:02,620 - INFO - Trabajos procesados con id 0000-0002-3834-4891 : 134/134
2024-05-17 11:52:21,450 - INFO - Trabajos procesados con id https://orcid.org/0000-0001-7064-8257 : 41/41
2024-05-17 11:52:22,090 - INFO - Trabajos procesados con id 0000-0002-5909-5572 : 0/0
2024-05-17 11:52:22,874 - INFO - Trabajos procesados con id 0000-0002-7731-1240 : 0/0
2024-05-17 11:52:23,512 - INFO - Trabajos procesados con id 0000-0002-5977-572X : 0/0
2024-05-17 11:52:36,492 - INFO - Trabajos procesados con id 0000-0002-3709-6419 : 32/32
2024-05-17 11:52:53,280 - INFO - Trabajos procesados con id 0000-0002-6349-4015 : 38/38
2024-05-17 11:53:38,809 - INFO - Trabajos procesados con id 0000-0002-2138-0554 : 107/107
2024-05-17 11:53:39,593 - INFO - Trabajos procesados con id 0000-0001-8045-1693 : 0/0
2024-05-17 11:54:01,128 - INFO - Trabajos procesados con id 0000-0002-5173-128X : 44/44
2024-05-17 11:54:13,101 - INFO - Trabajos procesados con id 0000-0002-4021-2695 : 27/27
2024-05-17 11:54:25,173 - INFO - Trabajos procesados con id 0000-0002-3199-6504 : 33/33
2024-05-17 11:54:28,552 - INFO - Trabajos procesados con id 0000-0003-3177-0211 : 6/6
2024-05-17 11:54:45,618 - INFO - Trabajos procesados con id 0000-0002-3040-4618 : 39/39
2024-05-17 11:54:46,459 - INFO - Trabajos procesados con id 0000-0003-4743-0684 : 0/0
2024-05-17 11:55:18,646 - INFO - Trabajos procesados con id 0000-0001-9227-2713 : 80/80
2024-05-17 11:55:25,233 - INFO - Trabajos procesados con id 0000-0002-0999-166X : 10/10
2024-05-17 11:55:25,872 - INFO - Trabajos procesados con id 0000-0003-3728-3924 : 0/0
2024-05-17 11:56:10,826 - INFO - Trabajos procesados con id 0000-0001-7158-7994 : 115/115
2024-05-17 11:56:43,022 - INFO - Trabajos procesados con id 0000-0002-6057-7077 : 91/91
2024-05-17 11:56:44,187 - INFO - Trabajos procesados con id 0000-0003-1759-2674 : 0/0
2024-05-17 11:56:46,639 - INFO - Trabajos procesados con id 0000-0002-3618-7212 : 3/3
2024-05-17 11:56:47,179 - INFO - Trabajos procesados con id 0000-0002-6255-7176 : 0/0
2024-05-17 11:56:49,858 - INFO - Trabajos procesados con id 0000-0002-8689-9445 : 4/4
2024-05-17 11:57:44,860 - INFO - Trabajos procesados con id 0000-0002-9069-395X : 152/152
2024-05-17 11:57:49,165 - INFO - Trabajos procesados con id 0000-0001-9124-4390 : 7/7
2024-05-17 11:58:05,166 - INFO - Trabajos procesados con id 0000-0001-9379-2702 : 41/41
2024-05-17 11:58:06,383 - INFO - Trabajos procesados con id 0000-0002-3945-9666 : 0/0
2024-05-17 11:58:12,988 - INFO - Trabajos procesados con id 0000-0002-7373-2208 : 19/19
2024-05-17 11:58:20,690 - INFO - Trabajos procesados con id 0000-0002-2596-6624 : 21/21
2024-05-17 11:58:22,756 - INFO - Trabajos procesados con id 0000-0002-9337-5316 : 2/2
2024-05-17 11:58:29,541 - INFO - Trabajos procesados con id 0000-0001-5294-0617 : 18/18
2024-05-17 11:58:47,020 - INFO - Trabajos procesados con id 0000-0002-1521-6758 : 46/46
2024-05-17 11:59:07,248 - INFO - Trabajos procesados con id https://orcid.org/0000-0001-7663-6222 : 41/41
2024-05-17 11:59:19,579 - INFO - Trabajos procesados con id 0000-0002-0542-967X : 31/31
2024-05-17 11:59:29,652 - INFO - Trabajos procesados con id 0000-0003-2614-6641 : 13/13
2024-05-17 12:00:09,366 - INFO - Trabajos procesados con id 0000-0002-1776-8388 : 110/110
2024-05-17 12:00:16,086 - INFO - Trabajos procesados con id 0000-0002-2932-9200 : 14/14
2024-05-17 12:00:16,761 - INFO - Trabajos procesados con id 0000-0001-6176-7705 : 0/0
2024-05-17 12:00:40,952 - INFO - Trabajos procesados con id 0000-0001-7582-1776 : 70/70
2024-05-17 12:00:51,640 - INFO - Trabajos procesados con id 0000-0003-3224-6614 : 24/24
2024-05-17 12:01:11,351 - INFO - Trabajos procesados con id 0000-0002-3143-4982 : 41/41
2024-05-17 12:01:43,672 - INFO - Trabajos procesados con id 0000-0001-5883-8832 : 94/94
2024-05-17 12:02:41,403 - INFO - Trabajos procesados con id https://orcid.org/0000-0002-3265-4012 : 160/160
2024-05-17 12:02:44,783 - INFO - Trabajos procesados con id 0000-0001-7126-9275 : 0/0
2024-05-17 12:03:54,772 - INFO - Trabajos procesados con id 0000-0002-3516-6428 : 205/205
2024-05-17 12:04:08,325 - INFO - Trabajos procesados con id 0000-0002-5567-8463 : 31/31
2024-05-17 12:04:19,928 - INFO - Trabajos procesados con id 0000-0002-5500-6093 : 24/24
2024-05-17 12:04:51,660 - INFO - Trabajos procesados con id 0000-0002-8205-9772 : 80/80
2024-05-17 12:04:53,902 - INFO - Trabajos procesados con id 0000-0002-7173-4437 : 0/0
2024-05-17 12:04:56,021 - INFO - Trabajos procesados con id 0000-0003-2605-8537 : 0/0
2024-05-17 12:04:56,700 - INFO - Trabajos procesados con id 0000-0002-7715-2032 : 0/0
2024-05-17 12:05:05,745 - INFO - Trabajos procesados con id https://orcid.org/0000-0001-8864-4852 : 14/14
2024-05-17 12:05:06,893 - INFO - Trabajos procesados con id 0000-0002-5586-6544 : 0/0
2024-05-17 12:05:40,841 - INFO - Trabajos procesados con id 0000-0002-5843-9660 : 94/94
2024-05-17 12:05:41,556 - INFO - Trabajos procesados con id 0000-0003-0995-855X : 0/0
2024-05-17 12:06:15,473 - INFO - Trabajos procesados con id 0000-0002-7577-8242 : 82/82
2024-05-17 12:06:35,626 - INFO - Trabajos procesados con id 0000-0001-5207-654X : 47/47
2024-05-17 12:06:42,907 - INFO - Trabajos procesados con id https://orcid.org/0000-0001-6049-0871 : 14/14
2024-05-17 12:06:43,493 - INFO - Trabajos procesados con id 0000-0001-5067-882X : 0/0
2024-05-17 12:06:49,306 - INFO - Trabajos procesados con id https://orcid.org/0000-0002-8921-5678 : 8/8
2024-05-17 12:07:00,213 - INFO - Trabajos procesados con id 0000-0003-3919-2479 : 28/28
2024-05-17 12:07:00,805 - INFO - Trabajos procesados con id 0000-0003-4670-7303 : 0/0
2024-05-17 12:07:19,931 - INFO - Trabajos procesados con id 0000-0002-8915-5687 : 45/45
2024-05-17 12:07:28,030 - INFO - Trabajos procesados con id 0000-0003-1017-869X : 21/21
2024-05-17 12:07:32,490 - INFO - Trabajos procesados con id 0000-0002-1658-8537 : 9/9
2024-05-17 12:07:48,561 - INFO - Trabajos procesados con id 0000-0001-5915-5515 : 44/44
2024-05-17 12:07:49,170 - INFO - Trabajos procesados con id 0000-0002-0854-0138 : 0/0
2024-05-17 12:07:52,675 - INFO - Trabajos procesados con id 0000-0002-6934-2143 : 7/7
2024-05-17 12:07:53,275 - INFO - Trabajos procesados con id 0000-0003-3837-7295 : 0/0
2024-05-17 12:07:56,121 - INFO - Trabajos procesados con id 0000-0002-2234-570X : 3/3
2024-05-17 12:07:59,589 - INFO - Trabajos procesados con id 0000-0002-1733-3958 : 7/7
2024-05-17 12:08:00,713 - INFO - Trabajos procesados con id 0000-0001-9889-6535 : 0/0
2024-05-17 12:08:02,720 - INFO - Trabajos procesados con id 0000-0002-9729-3174 : 3/3
2024-05-17 12:08:35,506 - INFO - Trabajos procesados con id https://orcid.org/0000-0001-8025-5879 : 86/86
2024-05-17 12:08:38,193 - INFO - Trabajos procesados con id 0000-0003-1162-5025 : 3/3
2024-05-17 12:08:52,130 - INFO - Trabajos procesados con id 0000-0001-5776-0455 : 34/34
2024-05-17 12:09:42,673 - INFO - Trabajos procesados con id 0000-0002-9801-4130 : 137/137
2024-05-17 12:09:51,737 - INFO - Trabajos procesados con id 0000-0002-7314-5521 : 18/18
2024-05-17 12:10:24,354 - INFO - Trabajos procesados con id 0000-0001-5530-1714 : 85/85
2024-05-17 12:10:34,537 - INFO - Trabajos procesados con id https://orcid.org/0000-0002-1728-7656 : 21/21
2024-05-17 12:10:46,573 - INFO - Trabajos procesados con id 0000-0003-4345-3950 : 27/27
2024-05-17 12:10:56,832 - INFO - Trabajos procesados con id 0000-0002-8374-5598 : 18/18
2024-05-17 12:11:04,449 - INFO - Trabajos procesados con id 0000-0001-6542-6262 : 17/17
2024-05-17 12:11:05,076 - INFO - Trabajos procesados con id 0000-0002-8708-2584 : 0/0
2024-05-17 12:11:09,833 - INFO - Trabajos procesados con id 0000-0001-6152-1158 : 9/9
2024-05-17 12:11:10,656 - INFO - Trabajos procesados con id 0000-0002-6004-9653 : 0/0
2024-05-17 12:11:16,940 - INFO - Trabajos procesados con id 0000-0001-8765-8160 : 4/4
2024-05-17 12:11:25,279 - INFO - Trabajos procesados con id 0000-0002-1943-0209 : 14/14
2024-05-17 12:11:34,847 - INFO - Trabajos procesados con id 0000-0003-1742-8399 : 13/13
2024-05-17 12:11:37,224 - INFO - Trabajos procesados con id 0000-0001-8274-3294 : 3/3
2024-05-17 12:11:51,570 - INFO - Trabajos procesados con id 0000-0002-2855-4801 : 39/39
2024-05-17 12:11:52,143 - INFO - Trabajos procesados con id 0000-0003-0389-2422 : 0/0
2024-05-17 12:12:02,015 - INFO - Trabajos procesados con id 0000-0002-3070-7627 : 25/25
2024-05-17 12:12:02,593 - INFO - Trabajos procesados con id 0000-0002-8475-0313 : 0/0
2024-05-17 12:12:07,181 - INFO - Trabajos procesados con id 0000-0003-1229-9030 : 7/7
2024-05-17 12:12:17,177 - INFO - Trabajos procesados con id https://orcid.org/0000-0002-5792-9457 : 20/20
2024-05-17 12:12:24,733 - INFO - Trabajos procesados con id https://orcid.org/0000-0001-9672-334X : 11/11
2024-05-17 12:12:39,114 - INFO - Trabajos procesados con id https://orcid.org/0000-0002-1116-8664 : 28/28
2024-05-17 12:12:53,541 - INFO - Trabajos procesados con id 0000-0001-8138-551X : 30/30
2024-05-17 12:13:33,967 - INFO - Trabajos procesados con id https://orcid.org/0000-0003-4535-8543 : 117/117
2024-05-17 12:13:34,752 - INFO - Trabajos procesados con id 0000-0001-6016-9543 : 0/0
2024-05-17 12:13:47,723 - INFO - Trabajos procesados con id 0000-0002-2081-7523 : 32/32
2024-05-17 12:14:05,104 - INFO - Trabajos procesados con id 0000-0003-0276-3012 : 35/35
2024-05-17 12:14:12,918 - INFO - Trabajos procesados con id 0000-0002-0053-266X : 18/18
2024-05-17 12:14:37,200 - INFO - Trabajos procesados con id 0000-0001-6705-7122 : 61/61
2024-05-17 12:14:53,501 - INFO - Trabajos procesados con id 0000-0002-9127-2794 : 31/31
2024-05-17 12:14:56,649 - INFO - Trabajos procesados con id 0000-0002-1817-1188 : 6/6
2024-05-17 12:14:57,293 - INFO - Trabajos procesados con id 0000-0002-8851-7914 : 0/0
2024-05-17 12:15:06,151 - INFO - Trabajos procesados con id 0000-0002-7685-1085 : 20/20
2024-05-17 12:15:06,803 - INFO - Trabajos procesados con id 0000-0002-5651-0128 : 0/0
2024-05-17 12:15:17,104 - INFO - Trabajos procesados con id 0000-0002-6261-349X : 23/23
2024-05-17 12:15:20,830 - INFO - Trabajos procesados con id 0000-0001-9142-1203 : 3/3
2024-05-17 12:15:27,940 - INFO - Trabajos procesados con id 0000-0003-4434-4764 : 17/17
2024-05-17 12:15:28,572 - INFO - Trabajos procesados con id 0000-0002-9516-0394 : 0/0
2024-05-17 12:15:30,327 - INFO - Trabajos procesados con id 0000-0002-3647-8052 : 0/0
2024-05-17 12:15:35,461 - INFO - Trabajos procesados con id 0000-0002-2857-3893 : 10/10
2024-05-17 12:15:37,408 - INFO - Trabajos procesados con id 0000-0003-4632-3035 : 1/1
2024-05-17 12:15:40,311 - INFO - Trabajos procesados con id 0000-0002-5929-7393 : 5/5
2024-05-17 12:15:57,667 - INFO - Trabajos procesados con id 0000-0001-5944-4683 : 45/45
2024-05-17 12:16:07,183 - INFO - Trabajos procesados con id https://orcid.org/0000-0003-1578-3565 : 17/17
2024-05-17 12:16:22,398 - INFO - Trabajos procesados con id 0000-0002-5954-8201 : 24/24
2024-05-17 12:16:29,134 - INFO - Trabajos procesados con id 0000-0002-7504-4070 : 13/13
2024-05-17 12:16:42,098 - INFO - Trabajos procesados con id 0000-0003-3756-9914 : 26/26
2024-05-17 12:16:47,055 - INFO - Trabajos procesados con id 0000-0002-8678-9916 : 11/11
2024-05-17 12:16:58,541 - INFO - Trabajos procesados con id 0000-0002-4719-2607 : 26/26
2024-05-17 12:17:34,083 - INFO - Trabajos procesados con id 0000-0003-1034-5988 : 88/88
2024-05-17 12:17:34,838 - INFO - Trabajos procesados con id 0000-0002-5994-5004 : 0/0
2024-05-17 12:17:40,225 - INFO - Trabajos procesados con id 0000-0002-6787-594X : 9/9
2024-05-17 12:17:40,875 - INFO - Trabajos procesados con id 0000-0002-1552-0581 : 0/0
2024-05-17 12:17:48,851 - INFO - Trabajos procesados con id 0000-0001-6779-8553 : 18/18
2024-05-17 12:17:49,453 - INFO - Trabajos procesados con id 0000-0002-3540-828X : 0/0
2024-05-17 12:18:01,550 - INFO - Trabajos procesados con id 0000-0001-9118-3874 : 30/30
2024-05-17 12:18:02,298 - INFO - Trabajos procesados con id 0000-0003-4278-9006 : 0/0
2024-05-17 12:18:02,940 - INFO - Trabajos procesados con id 0000-0003-1560-0861 : 0/0
2024-05-17 12:18:08,818 - INFO - Trabajos procesados con id 0000-0002-1503-0881 : 7/7
2024-05-17 12:18:14,299 - INFO - Trabajos procesados con id 0000-0003-3093-8238 : 11/11
2024-05-17 12:18:16,730 - INFO - Trabajos procesados con id 0000-0003-4968-539X : 2/2
2024-05-17 12:19:25,453 - INFO - Trabajos procesados con id 0000-0002-3986-7686 : 178/178
2024-05-17 12:19:31,018 - INFO - Trabajos procesados con id 0000-0002-6204-272X : 11/11
2024-05-17 12:19:31,876 - INFO - Trabajos procesados con id 0000-0003-3874-5182 : 0/0
2024-05-17 12:19:32,541 - INFO - Trabajos procesados con id 0000-0003-0367-8012 : 0/0
2024-05-17 12:19:36,101 - INFO - Trabajos procesados con id 0000-0001-6497-0565 : 1/1
2024-05-17 12:19:40,438 - INFO - Trabajos procesados con id 0000-0001-9660-5861 : 6/6
2024-05-17 12:19:43,900 - INFO - Trabajos procesados con id 0000-0002-9835-6069 : 6/6
2024-05-17 12:19:46,117 - INFO - Trabajos procesados con id 0000-0002-7339-2389 : 0/0
2024-05-17 12:19:52,519 - INFO - Trabajos procesados con id 0000-0001-9340-2639 : 10/10
2024-05-17 12:19:57,575 - INFO - Trabajos procesados con id 0000-0003-1844-7575 : 6/6
2024-05-17 12:20:02,531 - INFO - Trabajos procesados con id 0000-0002-9398-2052 : 9/9
2024-05-17 12:20:11,065 - INFO - Trabajos procesados con id 0000-0002-1927-5253 : 4/4
2024-05-17 12:20:11,828 - INFO - Trabajos procesados con id 0009-0006-1322-3571 : 0/0
2024-05-17 12:20:19,069 - INFO - Trabajos procesados con id 0000-0002-1859-0518 : 8/8
2024-05-17 12:20:34,770 - INFO - Trabajos procesados con id 0000-0001-7960-7558 : 31/31
2024-05-17 12:20:42,987 - INFO - Trabajos procesados con id 0000-0003-1064-5139 : 18/18
2024-05-17 12:20:55,043 - INFO - Trabajos procesados con id https://orcid.org/0000-0002-0113-7848 : 25/25
2024-05-17 12:21:33,757 - INFO - Trabajos procesados con id 0000-0002-5511-1272 : 91/91
2024-05-17 12:21:34,981 - INFO - Trabajos procesados con id 0000-0002-6299-2899 : 0/0
2024-05-17 12:21:39,366 - INFO - Trabajos procesados con id 0000-0002-6792-1416 : 4/4
2024-05-17 12:21:44,088 - INFO - Trabajos procesados con id 0000-0001-7065-4331 : 3/3
2024-05-17 12:21:49,253 - INFO - Trabajos procesados con id 0000-0003-2810-3477 : 10/10
2024-05-17 12:21:49,894 - INFO - Trabajos procesados con id 0000-0001-6422-9515 : 0/0
2024-05-17 12:21:54,902 - INFO - Trabajos procesados con id 0000-0003-1411-962X : 9/9
2024-05-17 12:21:58,385 - INFO - Trabajos procesados con id 0000-0002-3791-0599 : 3/3
2024-05-17 12:21:59,548 - INFO - Trabajos procesados con id 0000-0002-9314-0824 : 0/0
2024-05-17 12:22:04,765 - INFO - Trabajos procesados con id 0000-0003-4924-2628 : 10/10
2024-05-17 12:23:09,234 - INFO - Trabajos procesados con id 0000-0002-3016-4976 : 165/165
2024-05-17 12:23:11,669 - INFO - Trabajos procesados con id 0000-0002-1980-9956 : 3/3
2024-05-17 12:23:15,835 - INFO - Trabajos procesados con id 0000-0003-3084-0927 : 6/6
2024-05-17 12:23:19,248 - INFO - Trabajos procesados con id 0000-0003-4292-8723 : 5/5
2024-05-17 12:23:21,554 - INFO - Trabajos procesados con id 0000-0002-7475-7765 : 3/3
2024-05-17 12:23:51,469 - INFO - Trabajos procesados con id https://orcid.org/0000-0003-0161-412X : 62/62
2024-05-17 12:23:56,904 - INFO - Trabajos procesados con id 0000-0002-7907-4330 : 12/12
2024-05-17 12:24:05,634 - INFO - Trabajos procesados con id 0000-0001-8255-926X : 17/17
2024-05-17 12:24:13,190 - INFO - Trabajos procesados con id https://orcid.org/0000-0003-3973-6704 : 16/16
2024-05-17 12:24:26,656 - INFO - Trabajos procesados con id 0000-0003-2150-4032 : 32/32
2024-05-17 12:24:42,660 - INFO - Trabajos procesados con id https://orcid.org/0000-0001-8518-2787 : 40/40
2024-05-17 12:24:45,759 - INFO - Trabajos procesados con id 0009-0002-0532-7689 : 5/5
2024-05-17 12:24:49,645 - INFO - Trabajos procesados con id 0000-0002-8191-5346 : 6/6
2024-05-17 12:24:50,431 - INFO - Trabajos procesados con id 0000-0001-7708-9195 : 0/0
2024-05-17 12:24:53,405 - INFO - Trabajos procesados con id 0000-0003-1537-8818 : 5/5
2024-05-17 12:24:53,956 - INFO - Trabajos procesados con id 0009-0001-5956-7330 : 0/0
2024-05-17 12:25:14,826 - INFO - Trabajos procesados con id 0000-0001-8084-2387 : 47/47
2024-05-17 12:25:16,174 - INFO - Trabajos procesados con id 0000-0003-4157-7183 : 0/0
2024-05-17 12:25:23,783 - INFO - Trabajos procesados con id 0000-0002-9181-5234 : 16/16
2024-05-17 12:25:29,483 - INFO - Trabajos procesados con id 0000-0001-5715-5140 : 8/8
2024-05-22 09:15:40,738 - INFO - Descargando cliente con id : 1
2024-05-22 09:16:05,882 - INFO - Descargando cliente con id : 1
