2024-05-15 09:03:02,252 - INFO - Descargando cliente con id : 1
2024-05-15 09:56:14,336 - INFO - Trabajos procesados con id I168974976 : 9628/9630
2024-05-15 10:01:57,652 - INFO - Trabajos procesados con id I4210104992 : 903/903
2024-05-15 10:01:58,740 - INFO - Trabajos procesados con id 0000-0002-5636-5725 : 0/0
2024-05-15 10:02:34,332 - INFO - Trabajos procesados con id 0000-0003-3823-3953 : 85/85
2024-05-15 10:02:35,439 - INFO - Trabajos procesados con id 0000-0002-3175-1830 : 0/0
2024-05-15 10:02:36,480 - INFO - Trabajos procesados con id 0000-0002-6792-9039 : 0/0
2024-05-15 10:02:37,626 - INFO - Trabajos procesados con id 0000-0002-0355-9235 : 0/0
2024-05-15 10:02:49,176 - INFO - Trabajos procesados con id 0000-0001-5844-5609 : 27/27
2024-05-15 10:02:50,267 - INFO - Trabajos procesados con id 0000-0003-4885-2408 : 0/0
2024-05-15 10:03:02,710 - INFO - Trabajos procesados con id 0000-0002-8926-068X : 28/28
2024-05-15 10:03:03,853 - INFO - Trabajos procesados con id 0000-0001-5799-6193 : 0/0
2024-05-15 10:04:16,850 - INFO - Trabajos procesados con id 0000-0002-7351-5342 : 179/179
2024-05-15 10:04:18,706 - INFO - Trabajos procesados con id 0000-0003-3226-5866 : 0/0
2024-05-15 10:05:26,348 - INFO - Trabajos procesados con id 0000-0001-6122-9130 : 182/182
2024-05-15 10:05:27,474 - INFO - Trabajos procesados con id 0000-0003-2929-9870 : 0/0
2024-05-15 10:05:29,546 - INFO - Trabajos procesados con id 0000-0002-0304-9972 : 0/0
2024-05-15 10:05:30,722 - INFO - Trabajos procesados con id 0000-0001-9828-7035 : 0/0
2024-05-15 10:05:34,872 - INFO - Trabajos procesados con id 0000-0003-0002-3336 : 5/5
2024-05-15 10:06:00,710 - INFO - Trabajos procesados con id 0000-0002-5104-5351 : 62/62
2024-05-15 10:06:01,839 - INFO - Trabajos procesados con id 0000-0002-0513-3596 : 0/0
2024-05-15 10:06:49,723 - INFO - Trabajos procesados con id 0000-0001-7443-2584 : 136/136
2024-05-15 10:07:25,009 - INFO - Trabajos procesados con id 0000-0001-9914-2719 : 94/94
2024-05-15 10:07:26,056 - INFO - Trabajos procesados con id 0000-0002-9019-6283 : 0/0
2024-05-15 10:07:30,741 - INFO - Trabajos procesados con id 0000-0001-9458-9482 : 7/7
2024-05-15 10:08:05,180 - INFO - Trabajos procesados con id https://orcid.org/0000-0003-2043-858X : 80/80
2024-05-15 10:08:06,791 - INFO - Trabajos procesados con id 0000-0003-0213-9404 : 0/0
2024-05-15 10:08:07,869 - INFO - Trabajos procesados con id 0000-0002-8421-1600 : 0/0
2024-05-15 10:08:22,238 - INFO - Trabajos procesados con id 0009-0008-0831-3227 : 35/35
2024-05-15 10:08:52,480 - INFO - Trabajos procesados con id 0000-0003-1990-0001 : 95/95
2024-05-15 10:09:53,891 - INFO - Trabajos procesados con id 0000-0002-1200-2850 : 176/176
2024-05-15 10:10:26,242 - INFO - Trabajos procesados con id 0000-0001-7323-0796 : 87/87
2024-05-15 10:10:41,112 - INFO - Trabajos procesados con id 0000-0002-5219-3233 : 39/39
2024-05-15 10:10:58,791 - INFO - Trabajos procesados con id 0000-0003-3619-9974 : 47/47
2024-05-15 10:11:14,789 - INFO - Trabajos procesados con id 0000-0002-0161-902X : 40/40
2024-05-15 10:11:15,908 - INFO - Trabajos procesados con id 0000-0003-1344-3882 : 0/0
2024-05-15 10:11:46,190 - INFO - Trabajos procesados con id 0000-0003-4798-2745 : 90/90
2024-05-15 10:11:48,408 - INFO - Trabajos procesados con id 0000-0003-3783-7894 : 2/2
2024-05-15 10:11:49,459 - INFO - Trabajos procesados con id 0000-0002-4340-9055 : 0/0
2024-05-15 10:11:51,121 - INFO - Trabajos procesados con id 0000-0001-9389-1401 : 0/0
2024-05-15 10:11:52,233 - INFO - Trabajos procesados con id 0000-0003-1974-5339 : 0/0
2024-05-15 10:12:37,688 - INFO - Trabajos procesados con id 0000-0003-4067-3878 : 141/141
2024-05-15 10:13:08,514 - INFO - Trabajos procesados con id 0000-0002-7809-1075 : 91/91
2024-05-15 10:13:40,217 - INFO - Trabajos procesados con id https://orcid.org/0000-0002-2879-2690 : 82/82
2024-05-15 10:14:37,287 - INFO - Trabajos procesados con id 0000-0001-7867-3457 : 174/174
2024-05-15 10:14:38,382 - INFO - Trabajos procesados con id 0000-0001-8196-3754 : 0/0
2024-05-15 10:14:39,498 - INFO - Trabajos procesados con id 0000-0003-2860-2719 : 0/0
2024-05-15 10:15:07,989 - INFO - Trabajos procesados con id 0000-0001-6500-0157 : 82/82
2024-05-15 10:15:09,198 - INFO - Trabajos procesados con id 0000-0003-1584-177X : 0/0
2024-05-15 10:15:50,076 - INFO - Trabajos procesados con id 0000-0002-9762-9862 : 108/108
2024-05-15 10:17:06,505 - INFO - Trabajos procesados con id 0000-0002-2023-9946 : 229/229
2024-05-15 10:17:27,884 - INFO - Trabajos procesados con id 0000-0003-4528-7781 : 58/58
2024-05-15 10:17:29,101 - INFO - Trabajos procesados con id 0000-0002-5465-3555 : 0/0
2024-05-15 10:17:54,277 - INFO - Trabajos procesados con id 0000-0002-1532-0379 : 70/70
2024-05-15 10:18:16,977 - INFO - Trabajos procesados con id 0000-0003-4136-8656 : 54/54
2024-05-15 10:18:58,692 - INFO - Trabajos procesados con id 0000-0001-6873-1940 : 111/111
2024-05-15 10:18:59,815 - INFO - Trabajos procesados con id 0000-0002-4463-8343 : 0/0
2024-05-15 10:19:01,471 - INFO - Trabajos procesados con id 0000-0001-6111-8924 : 0/0
2024-05-15 10:19:35,854 - INFO - Trabajos procesados con id 0000-0002-7221-3852 : 88/88
2024-05-15 10:19:36,973 - INFO - Trabajos procesados con id 0000-0002-1207-4432 : 0/0
2024-05-15 10:19:38,022 - INFO - Trabajos procesados con id 0000-0002-9411-9971 : 0/0
2024-05-15 10:19:39,048 - INFO - Trabajos procesados con id 0000-0002-4817-8102 : 0/0
2024-05-15 10:19:40,094 - INFO - Trabajos procesados con id 0000-0002-6593-5267 : 0/0
2024-05-15 10:19:54,547 - INFO - Trabajos procesados con id 0000-0001-9900-0104 : 37/37
2024-05-15 10:19:59,637 - INFO - Trabajos procesados con id 0000-0003-3994-3113 : 9/9
2024-05-15 10:20:56,794 - INFO - Trabajos procesados con id 0000-0001-5478-2958 : 157/157
2024-05-15 10:20:59,185 - INFO - Trabajos procesados con id 0000-0002-3671-3147 : 0/0
2024-05-15 10:21:00,273 - INFO - Trabajos procesados con id 0000-0003-4355-2836 : 0/0
2024-05-15 10:22:01,717 - INFO - Trabajos procesados con id 0000-0002-6639-8723 : 168/168
2024-05-15 10:22:02,892 - INFO - Trabajos procesados con id 0000-0001-9895-0167 : 0/0
2024-05-15 10:22:32,580 - INFO - Trabajos procesados con id 0000-0003-2145-5875 : 83/83
2024-05-15 10:22:33,662 - INFO - Trabajos procesados con id 0000-0001-5812-2316 : 0/0
2024-05-15 10:23:09,934 - INFO - Trabajos procesados con id 0000-0003-4546-0513 : 101/101
2024-05-15 10:23:40,437 - INFO - Trabajos procesados con id 0000-0002-9677-6764 : 80/80
2024-05-15 10:23:41,522 - INFO - Trabajos procesados con id 0000-0003-2104-6799 : 0/0
2024-05-15 10:23:42,776 - INFO - Trabajos procesados con id 0000-0001-8291-8541 : 0/0
2024-05-15 10:24:08,068 - INFO - Trabajos procesados con id https://orcid.org/0000-0002-1417-9537 : 67/67
2024-05-15 10:24:09,879 - INFO - Trabajos procesados con id 0000-0002-2585-0576 : 0/0
2024-05-15 10:24:41,048 - INFO - Trabajos procesados con id 0000-0002-6837-7459 : 73/73
2024-05-15 10:25:21,402 - INFO - Trabajos procesados con id 0000-0003-2856-4054 : 120/120
2024-05-15 10:25:22,495 - INFO - Trabajos procesados con id 0000-0001-7068-1583 : 0/0
2024-05-15 10:25:50,534 - INFO - Trabajos procesados con id 0000-0001-7747-2047 : 78/78
2024-05-15 10:26:35,455 - INFO - Trabajos procesados con id 0000-0002-7699-2021 : 131/131
2024-05-15 10:27:14,828 - INFO - Trabajos procesados con id 0000-0003-2228-7631 : 107/107
2024-05-15 10:27:28,104 - INFO - Trabajos procesados con id 0000-0002-7394-1851 : 34/34
2024-05-15 10:27:44,178 - INFO - Trabajos procesados con id 0000-0003-0552-7349 : 41/41
2024-05-15 10:28:01,729 - INFO - Trabajos procesados con id 0000-0001-5360-1000 : 49/49
2024-05-15 10:28:07,287 - INFO - Trabajos procesados con id 0000-0002-0033-9157 : 11/11
2024-05-15 10:28:13,143 - INFO - Trabajos procesados con id 0000-0002-0727-3058 : 13/13
2024-05-15 10:28:14,150 - INFO - Trabajos procesados con id 0000-0002-0347-1284 : 0/0
2024-05-15 10:28:56,001 - INFO - Trabajos procesados con id 0000-0002-9183-8209 : 127/127
2024-05-15 10:28:57,092 - INFO - Trabajos procesados con id 0000-0001-8867-957X : 0/0
2024-05-15 10:28:59,854 - INFO - Trabajos procesados con id 0000-0001-5553-3056 : 4/4
2024-05-15 10:29:28,424 - INFO - Trabajos procesados con id 0000-0002-1256-5338 : 81/81
2024-05-15 10:29:53,312 - INFO - Trabajos procesados con id 0000-0002-4507-958X : 65/65
2024-05-15 10:29:54,379 - INFO - Trabajos procesados con id 0000-0002-1745-4100 : 0/0
2024-05-15 10:29:55,481 - INFO - Trabajos procesados con id 0000-0002-7362-379X : 0/0
2024-05-15 10:29:56,487 - INFO - Trabajos procesados con id 0000-0001-6560-9907 : 0/0
2024-05-15 10:29:57,507 - INFO - Trabajos procesados con id 0000-0002-5010-0814 : 0/0
2024-05-15 10:30:34,457 - INFO - Trabajos procesados con id 0000-0002-5320-9268 : 106/106
2024-05-15 10:30:35,541 - INFO - Trabajos procesados con id 0000-0002-4901-7765 : 0/0
2024-05-15 10:30:55,438 - INFO - Trabajos procesados con id 0000-0002-7468-1334 : 56/56
2024-05-15 10:30:56,533 - INFO - Trabajos procesados con id 0000-0001-9667-3282 : 0/0
2024-05-15 10:31:45,326 - INFO - Trabajos procesados con id 0000-0003-3035-8751 : 141/141
2024-05-15 10:31:47,223 - INFO - Trabajos procesados con id 0000-0002-4171-9498 : 0/0
2024-05-15 10:31:48,800 - INFO - Trabajos procesados con id 0000-0002-7622-1956 : 0/0
2024-05-15 10:32:43,930 - INFO - Trabajos procesados con id 0000-0003-4622-8062 : 165/165
2024-05-15 10:33:16,936 - INFO - Trabajos procesados con id 0000-0003-4147-1311 : 96/96
2024-05-15 10:33:18,216 - INFO - Trabajos procesados con id 0000-0002-5340-0978 : 0/0
2024-05-15 10:33:31,917 - INFO - Trabajos procesados con id 0000-0001-6475-3034 : 34/34
2024-05-15 10:33:56,978 - INFO - Trabajos procesados con id 0000-0002-8451-7642 : 69/69
2024-05-15 10:34:47,933 - INFO - Trabajos procesados con id 0000-0002-0883-2149 : 139/139
2024-05-15 10:36:02,708 - INFO - Trabajos procesados con id 0000-0003-0603-5725 : 217/217
2024-05-15 10:37:05,576 - INFO - Trabajos procesados con id 0000-0001-8248-5272 : 181/181
2024-05-15 10:37:25,332 - INFO - Trabajos procesados con id 0000-0002-3187-5948 : 32/32
2024-05-15 10:37:27,991 - INFO - Trabajos procesados con id 0000-0002-6501-744X : 0/0
2024-05-15 10:37:43,826 - INFO - Trabajos procesados con id 0000-0001-8895-3591 : 31/31
2024-05-15 10:39:00,837 - INFO - Trabajos procesados con id 0000-0001-5767-8734 : 214/214
2024-05-15 10:39:41,576 - INFO - Trabajos procesados con id 0000-0001-6450-8741 : 115/115
2024-05-15 10:40:07,181 - INFO - Trabajos procesados con id 0000-0002-3807-2443 : 76/76
2024-05-15 10:40:19,586 - INFO - Trabajos procesados con id 0000-0002-0816-032X : 27/27
2024-05-15 10:40:21,440 - INFO - Trabajos procesados con id 0000-0003-2304-9715 : 0/0
2024-05-15 10:40:27,613 - INFO - Trabajos procesados con id 0000-0002-4602-4871 : 15/15
2024-05-15 10:40:46,838 - INFO - Trabajos procesados con id 0000-0003-4567-524X : 54/54
2024-05-15 10:40:47,944 - INFO - Trabajos procesados con id 0000-0003-2090-3947 : 0/0
2024-05-15 10:40:48,970 - INFO - Trabajos procesados con id 0000-0002-9702-0408 : 0/0
2024-05-15 10:40:53,956 - INFO - Trabajos procesados con id 0000-0002-8828-4700 : 6/6
2024-05-15 10:40:55,158 - INFO - Trabajos procesados con id 0000-0001-6902-0841 : 0/0
2024-05-15 10:40:56,317 - INFO - Trabajos procesados con id 0000-0003-4253-1689 : 0/0
2024-05-15 10:41:07,804 - INFO - Trabajos procesados con id 0000-0001-8312-0873 : 30/30
2024-05-15 10:41:09,052 - INFO - Trabajos procesados con id 0000-0002-0969-8383 : 0/0
2024-05-15 10:41:10,074 - INFO - Trabajos procesados con id 0000-0002-0838-4534 : 0/0
2024-05-15 10:41:14,432 - INFO - Trabajos procesados con id 0000-0002-4993-1063 : 8/8
2024-05-15 10:41:15,616 - INFO - Trabajos procesados con id 0000-0002-8099-1208 : 0/0
2024-05-15 10:41:23,688 - INFO - Trabajos procesados con id 0000-0002-8755-4051 : 17/17
2024-05-15 10:41:39,607 - INFO - Trabajos procesados con id 0000-0002-0624-9275 : 45/45
2024-05-15 10:41:47,653 - INFO - Trabajos procesados con id 0000-0002-9278-1005 : 19/19
2024-05-15 10:41:48,723 - INFO - Trabajos procesados con id 0000-0001-5610-7745 : 0/0
2024-05-15 10:41:49,797 - INFO - Trabajos procesados con id 0000-0003-4208-2801 : 0/0
2024-05-15 10:41:50,843 - INFO - Trabajos procesados con id 0000-0002-0558-3300 : 0/0
2024-05-15 10:41:54,196 - INFO - Trabajos procesados con id 0000-0001-6252-6014 : 5/5
2024-05-15 10:42:12,312 - INFO - Trabajos procesados con id 0000-0002-6557-0296 : 52/52
2024-05-15 10:42:27,067 - INFO - Trabajos procesados con id 0000-0003-2432-5005 : 39/39
2024-05-15 10:42:28,693 - INFO - Trabajos procesados con id 0000-0002-9874-474X : 0/0
2024-05-15 10:42:29,713 - INFO - Trabajos procesados con id 0000-0003-4417-8604 : 0/0
2024-05-15 10:42:34,001 - INFO - Trabajos procesados con id 0000-0002-3176-3911 : 4/4
2024-05-15 10:42:35,019 - INFO - Trabajos procesados con id 0000-0003-3404-7600 : 0/0
2024-05-15 10:42:51,874 - INFO - Trabajos procesados con id 0000-0003-0532-7072 : 48/48
2024-05-15 10:43:08,613 - INFO - Trabajos procesados con id 0000-0002-8800-721X : 47/47
2024-05-15 10:43:11,217 - INFO - Trabajos procesados con id 0000-0001-6563-5240 : 1/1
2024-05-15 10:43:12,275 - INFO - Trabajos procesados con id 0000-0003-2686-0992 : 0/0
2024-05-15 10:43:13,430 - INFO - Trabajos procesados con id 0000-0002-5778-9183 : 0/0
2024-05-15 10:44:13,422 - INFO - Trabajos procesados con id 0000-0002-0063-0622 : 187/187
2024-05-15 10:44:48,729 - INFO - Trabajos procesados con id 0000-0001-6129-4653 : 87/87
2024-05-15 10:44:57,601 - INFO - Trabajos procesados con id 0000-0002-1703-005X : 20/20
2024-05-15 10:46:11,725 - INFO - Trabajos procesados con id https://orcid.org/0000-0002-2054-9071 : 213/213
2024-05-15 10:46:37,162 - INFO - Trabajos procesados con id 0000-0002-7182-060X : 70/70
2024-05-15 10:46:38,345 - INFO - Trabajos procesados con id 0000-0002-4532-0783 : 0/0
2024-05-15 10:46:39,447 - INFO - Trabajos procesados con id 0000-0001-8028-6915 : 0/0
2024-05-15 10:46:40,514 - INFO - Trabajos procesados con id 0000-0003-1638-5956 : 0/0
2024-05-15 10:46:41,565 - INFO - Trabajos procesados con id 0000-0003-3049-4884 : 0/0
2024-05-15 10:46:42,624 - INFO - Trabajos procesados con id 0000-0003-1813-3058 : 0/0
2024-05-15 10:46:43,621 - INFO - Trabajos procesados con id 0000-0003-2254-5290 : 0/0
2024-05-15 10:46:44,727 - INFO - Trabajos procesados con id 0000-0003-1522-7681 : 0/0
2024-05-15 10:46:45,794 - INFO - Trabajos procesados con id 0000-0003-3580-6744 : 0/0
2024-05-15 10:47:18,858 - INFO - Trabajos procesados con id 0000-0002-8362-8826 : 97/97
2024-05-15 10:48:26,677 - INFO - Trabajos procesados con id 0000-0002-8688-5676 : 196/196
2024-05-15 10:48:43,140 - INFO - Trabajos procesados con id 0000-0003-0061-8946 : 46/46
2024-05-15 10:49:49,073 - INFO - Trabajos procesados con id 0000-0003-0089-2785 : 198/198
2024-05-15 10:49:54,024 - INFO - Trabajos procesados con id 0000-0003-1469-2100 : 8/8
2024-05-15 10:49:55,603 - INFO - Trabajos procesados con id 0000-0003-4400-4460 : 0/0
2024-05-15 10:50:00,002 - INFO - Trabajos procesados con id 0000-0003-2166-8272 : 9/9
2024-05-15 10:50:43,494 - INFO - Trabajos procesados con id 0000-0002-9853-0266 : 127/127
2024-05-15 10:50:56,006 - INFO - Trabajos procesados con id 0000-0002-6871-3424 : 32/32
2024-05-15 10:50:57,087 - INFO - Trabajos procesados con id 0000-0001-7217-4454 : 0/0
2024-05-15 10:51:17,998 - INFO - Trabajos procesados con id 0000-0002-6874-4036 : 56/56
2024-05-15 10:51:46,948 - INFO - Trabajos procesados con id 0000-0002-1681-6181 : 85/85
2024-05-15 10:52:03,722 - INFO - Trabajos procesados con id 0000-0001-6760-4368 : 47/47
2024-05-15 10:52:05,061 - INFO - Trabajos procesados con id 0000-0002-9315-8637 : 0/0
2024-05-15 10:52:16,456 - INFO - Trabajos procesados con id 0000-0003-2980-868X : 28/28
2024-05-15 10:52:17,660 - INFO - Trabajos procesados con id 0000-0001-7061-8058 : 0/0
2024-05-15 10:52:26,665 - INFO - Trabajos procesados con id 0000-0002-1833-4688 : 20/20
2024-05-15 10:52:27,825 - INFO - Trabajos procesados con id 0000-0002-5742-8679 : 0/0
2024-05-15 10:52:28,816 - INFO - Trabajos procesados con id 0000-0001-7867-8805 : 0/0
2024-05-15 10:52:58,168 - INFO - Trabajos procesados con id 0000-0002-1007-640X : 88/88
2024-05-15 10:52:59,209 - INFO - Trabajos procesados con id 0000-0001-6310-8391 : 0/0
2024-05-15 10:53:00,365 - INFO - Trabajos procesados con id 0000-0002-4079-8307 : 0/0
2024-05-15 10:53:01,368 - INFO - Trabajos procesados con id 0000-0002-6438-423X : 0/0
2024-05-15 10:53:02,435 - INFO - Trabajos procesados con id 0000-0002-8168-7486 : 0/0
2024-05-15 10:53:18,972 - INFO - Trabajos procesados con id 0000-0003-0538-4579 : 43/43
2024-05-15 10:53:20,114 - INFO - Trabajos procesados con id 0000-0002-8765-4060 : 0/0
2024-05-15 10:53:21,918 - INFO - Trabajos procesados con id 0009-0009-8618-2661 : 0/0
2024-05-15 10:53:24,035 - INFO - Trabajos procesados con id 0000-0002-0323-8183 : 0/0
2024-05-15 10:55:05,735 - INFO - Trabajos procesados con id 0000-0002-6286-5638 : 303/303
2024-05-15 10:55:21,234 - INFO - Trabajos procesados con id 0000-0001-8911-4941 : 41/41
2024-05-15 10:56:24,375 - INFO - Trabajos procesados con id 0000-0002-8703-5489 : 159/159
2024-05-15 10:56:25,502 - INFO - Trabajos procesados con id 0000-0002-4282-3692 : 0/0
2024-05-15 11:00:13,519 - INFO - Trabajos procesados con id 0000-0003-3709-1690 : 595/595
2024-05-15 11:00:15,696 - INFO - Trabajos procesados con id 0000-0002-1143-6382 : 0/0
2024-05-15 11:00:17,636 - INFO - Trabajos procesados con id 0000-0002-4180-1539 : 0/0
2024-05-15 11:00:38,176 - INFO - Trabajos procesados con id 0000-0002-9990-9702 : 52/52
2024-05-15 11:00:57,790 - INFO - Trabajos procesados con id 0000-0002-6183-8988 : 48/48
2024-05-15 11:01:01,344 - INFO - Trabajos procesados con id 0000-0002-1631-1386 : 2/2
2024-05-15 11:01:03,783 - INFO - Trabajos procesados con id 0000-0002-8003-9241 : 0/0
2024-05-15 11:01:44,768 - INFO - Trabajos procesados con id 0000-0001-8471-9415 : 94/94
2024-05-15 11:01:58,162 - INFO - Trabajos procesados con id 0000-0002-2018-7269 : 31/31
2024-05-15 11:02:41,212 - INFO - Trabajos procesados con id 0000-0002-4516-9534 : 110/110
2024-05-15 11:02:44,648 - INFO - Trabajos procesados con id 0000-0002-4614-5120 : 3/3
2024-05-15 11:03:00,100 - INFO - Trabajos procesados con id 0000-0002-9008-7722 : 44/44
2024-05-15 11:03:35,777 - INFO - Trabajos procesados con id 0000-0003-2232-7971 : 90/90
2024-05-15 11:03:55,032 - INFO - Trabajos procesados con id 0000-0003-2859-1116 : 43/43
2024-05-15 11:03:57,459 - INFO - Trabajos procesados con id 0000-0003-2009-8247 : 0/0
2024-05-15 11:03:58,674 - INFO - Trabajos procesados con id 0000-0001-5359-420X : 0/0
2024-05-15 11:04:15,082 - INFO - Trabajos procesados con id 0000-0002-7621-7455 : 40/40
2024-05-15 11:04:16,429 - INFO - Trabajos procesados con id 0000-0002-8611-7247 : 0/0
2024-05-15 11:04:17,925 - INFO - Trabajos procesados con id 0000-0002-8922-6115 : 0/0
2024-05-15 11:04:47,197 - INFO - Trabajos procesados con id 0000-0003-3359-1401 : 73/73
2024-05-15 11:05:21,664 - INFO - Trabajos procesados con id 0000-0002-2484-4238 : 83/83
2024-05-15 11:05:23,167 - INFO - Trabajos procesados con id 0000-0002-9927-1489 : 0/0
2024-05-15 11:05:25,617 - INFO - Trabajos procesados con id 0000-0002-3867-3986 : 0/0
2024-05-15 11:05:26,783 - INFO - Trabajos procesados con id 0000-0002-9696-3826 : 0/0
2024-05-15 11:05:28,940 - INFO - Trabajos procesados con id 0000-0003-2906-9864 : 0/0
2024-05-15 11:05:29,979 - INFO - Trabajos procesados con id 0000-0002-9632-4119 : 0/0
2024-05-15 11:05:32,801 - INFO - Trabajos procesados con id 0000-0002-8307-6670 : 0/0
2024-05-15 11:06:00,620 - INFO - Trabajos procesados con id 0000-0003-2655-8865 : 70/70
2024-05-15 11:06:02,565 - INFO - Trabajos procesados con id 0000-0003-3821-2896 : 0/0
2024-05-15 11:06:25,563 - INFO - Trabajos procesados con id 0000-0002-8180-4769 : 52/52
2024-05-15 11:06:33,287 - INFO - Trabajos procesados con id 0000-0003-4793-7987 : 17/17
2024-05-15 11:06:36,245 - INFO - Trabajos procesados con id 0000-0001-7996-3587 : 3/3
2024-05-15 11:06:41,326 - INFO - Trabajos procesados con id 0000-0003-4466-1962 : 7/7
2024-05-15 11:06:51,484 - INFO - Trabajos procesados con id 0000-0002-0083-6401 : 24/24
2024-05-15 11:06:52,812 - INFO - Trabajos procesados con id 0000-0003-3747-603X : 0/0
2024-05-15 11:07:18,999 - INFO - Trabajos procesados con id 0000-0002-7890-7505 : 65/65
2024-05-15 11:07:27,933 - INFO - Trabajos procesados con id 0000-0002-8496-7280 : 18/18
2024-05-15 11:07:51,897 - INFO - Trabajos procesados con id 0000-0002-6300-9307 : 60/60
2024-05-15 11:08:52,761 - INFO - Trabajos procesados con id 0000-0001-6754-916X : 165/165
2024-05-15 11:09:27,245 - INFO - Trabajos procesados con id 0000-0003-1897-2361 : 95/95
2024-05-15 11:09:28,617 - INFO - Trabajos procesados con id 0000-0002-6908-0657 : 0/0
2024-05-15 11:09:51,222 - INFO - Trabajos procesados con id 0000-0001-8086-907X : 58/58
2024-05-15 11:10:44,704 - INFO - Trabajos procesados con id 0000-0003-0852-5269 : 128/128
2024-05-15 11:10:45,939 - INFO - Trabajos procesados con id 0000-0001-5259-593X : 0/0
2024-05-15 11:11:25,969 - INFO - Trabajos procesados con id 0000-0002-0801-8462 : 104/104
2024-05-15 11:11:27,249 - INFO - Trabajos procesados con id 0000-0003-2807-6499 : 0/0
2024-05-15 11:11:43,213 - INFO - Trabajos procesados con id 0000-0002-5563-2836 : 43/43
2024-05-15 11:12:59,155 - INFO - Trabajos procesados con id 0000-0002-9672-8279 : 207/207
2024-05-15 11:13:00,201 - INFO - Trabajos procesados con id 0000-0002-1888-3513 : 0/0
2024-05-15 11:14:02,298 - INFO - Trabajos procesados con id 0000-0002-8917-0318 : 194/194
2024-05-15 11:14:37,660 - INFO - Trabajos procesados con id 0000-0002-0434-7250 : 103/103
2024-05-15 11:15:32,214 - INFO - Trabajos procesados con id 0000-0001-8120-167X : 153/153
2024-05-15 11:16:27,408 - INFO - Trabajos procesados con id 0000-0003-4403-4790 : 150/150
2024-05-15 11:17:40,930 - INFO - Trabajos procesados con id 0000-0003-3778-7065 : 218/218
2024-05-15 11:17:42,584 - INFO - Trabajos procesados con id 0000-0003-0123-9905 : 0/0
2024-05-15 11:17:44,270 - INFO - Trabajos procesados con id 0000-0002-1695-3311 : 0/0
2024-05-15 11:17:54,526 - INFO - Trabajos procesados con id 0000-0001-7402-1742 : 19/19
2024-05-15 11:18:22,794 - INFO - Trabajos procesados con id 0000-0002-7744-9805 : 72/72
2024-05-15 11:18:49,523 - INFO - Trabajos procesados con id https://orcid.org/0000-0001-8122-6359 : 77/77
2024-05-15 11:20:20,581 - INFO - Trabajos procesados con id 0000-0002-6497-2162 : 276/276
2024-05-15 11:20:50,668 - INFO - Trabajos procesados con id 0000-0002-6539-7171 : 81/81
2024-05-15 11:21:35,701 - INFO - Trabajos procesados con id 0000-0003-2772-6453 : 129/129
2024-05-15 11:23:03,957 - INFO - Trabajos procesados con id 0000-0001-5597-8127 : 246/246
2024-05-15 11:23:05,138 - INFO - Trabajos procesados con id 0000-0001-6370-3537 : 0/0
2024-05-15 11:23:06,384 - INFO - Trabajos procesados con id 0000-0002-2195-2524 : 0/0
2024-05-15 11:23:46,647 - INFO - Trabajos procesados con id 0000-0001-6749-4592 : 114/114
2024-05-15 11:24:07,534 - INFO - Trabajos procesados con id 0000-0003-3576-0889 : 56/56
2024-05-15 11:24:22,529 - INFO - Trabajos procesados con id 0000-0002-3052-6404 : 35/35
2024-05-15 11:25:40,232 - INFO - Trabajos procesados con id 0000-0002-0645-4068 : 240/240
2024-05-15 11:26:41,028 - INFO - Trabajos procesados con id 0000-0002-8841-2653 : 179/179
2024-05-15 11:26:42,713 - INFO - Trabajos procesados con id 0000-0002-5627-7565 : 0/0
2024-05-15 11:27:45,396 - INFO - Trabajos procesados con id 0000-0001-8890-8977 : 160/160
2024-05-15 11:28:14,357 - INFO - Trabajos procesados con id 0000-0002-3918-0155 : 72/72
2024-05-15 11:28:56,880 - INFO - Trabajos procesados con id 0000-0002-3063-7374 : 123/123
2024-05-15 11:29:09,569 - INFO - Trabajos procesados con id 0000-0002-9840-5772 : 26/26
2024-05-15 11:29:10,717 - INFO - Trabajos procesados con id 0000-0002-6779-5608 : 0/0
2024-05-15 11:29:22,361 - INFO - Trabajos procesados con id 0000-0001-5354-8940 : 29/29
2024-05-15 11:29:23,495 - INFO - Trabajos procesados con id 0000-0001-8472-2606 : 0/0
2024-05-15 11:30:21,639 - INFO - Trabajos procesados con id 0000-0002-2457-4258 : 150/150
2024-05-15 11:30:22,843 - INFO - Trabajos procesados con id 0000-0002-0458-0060 : 0/0
2024-05-15 11:30:23,994 - INFO - Trabajos procesados con id 0000-0003-3228-9382 : 0/0
2024-05-15 11:30:53,873 - INFO - Trabajos procesados con id 0000-0002-5850-8494 : 80/80
2024-05-15 11:31:15,446 - INFO - Trabajos procesados con id 0000-0001-5778-4748 : 58/58
2024-05-15 11:31:16,613 - INFO - Trabajos procesados con id 0000-0003-0972-0787 : 0/0
2024-05-15 11:31:38,730 - INFO - Trabajos procesados con id 0000-0001-9158-4053 : 59/59
2024-05-15 11:33:00,148 - INFO - Trabajos procesados con id 0000-0002-2405-8771 : 246/246
2024-05-15 11:33:01,300 - INFO - Trabajos procesados con id 0000-0002-8415-4343 : 0/0
2024-05-15 11:33:02,415 - INFO - Trabajos procesados con id 0000-0002-9113-7998 : 0/0
2024-05-15 11:33:42,601 - INFO - Trabajos procesados con id 0000-0002-2903-1332 : 114/114
2024-05-15 11:34:16,095 - INFO - Trabajos procesados con id 0000-0002-6490-1428 : 93/93
2024-05-15 11:35:09,070 - INFO - Trabajos procesados con id 0000-0001-8323-1768 : 155/155
2024-05-15 11:35:32,947 - INFO - Trabajos procesados con id https://orcid.org/0000-0002-9500-5343 : 54/54
2024-05-15 11:36:04,082 - INFO - Trabajos procesados con id 0000-0002-0272-2504 : 84/84
2024-05-15 11:36:59,029 - INFO - Trabajos procesados con id 0000-0002-6379-8844 : 170/170
2024-05-15 11:37:23,979 - INFO - Trabajos procesados con id 0000-0002-5615-4194 : 69/69
2024-05-15 11:37:55,162 - INFO - Trabajos procesados con id 0000-0002-0653-560X : 96/96
2024-05-15 11:38:01,417 - INFO - Trabajos procesados con id 0000-0002-9187-3434 : 14/14
2024-05-15 11:38:02,614 - INFO - Trabajos procesados con id 0000-0001-9235-7311 : 0/0
2024-05-15 11:38:45,040 - INFO - Trabajos procesados con id 0000-0003-2720-1788 : 122/122
2024-05-15 11:39:08,680 - INFO - Trabajos procesados con id 0000-0002-1578-1626 : 70/70
2024-05-15 11:39:33,381 - INFO - Trabajos procesados con id 0000-0003-4642-7977 : 66/66
2024-05-15 11:39:44,263 - INFO - Trabajos procesados con id 0000-0002-2072-1644 : 27/27
2024-05-15 11:39:45,316 - INFO - Trabajos procesados con id 0000-0003-1193-2420 : 0/0
2024-05-15 11:39:46,398 - INFO - Trabajos procesados con id 0000-0003-4378-4178 : 0/0
2024-05-15 11:40:01,627 - INFO - Trabajos procesados con id 0000-0002-5917-4887 : 44/44
2024-05-15 11:40:47,787 - INFO - Trabajos procesados con id 0000-0002-9660-7944 : 136/136
2024-05-15 11:41:03,214 - INFO - Trabajos procesados con id 0000-0002-6547-5301 : 42/42
2024-05-15 11:41:10,752 - INFO - Trabajos procesados con id 0000-0002-4984-842X : 18/18
2024-05-15 11:41:26,664 - INFO - Trabajos procesados con id 0000-0002-5633-4849 : 42/42
2024-05-15 11:41:37,097 - INFO - Trabajos procesados con id 0000-0001-5008-0625 : 26/26
2024-05-15 11:42:03,120 - INFO - Trabajos procesados con id 0000-0003-1865-5200 : 74/74
2024-05-15 11:42:26,501 - INFO - Trabajos procesados con id 0000-0002-3304-0936 : 72/72
2024-05-15 11:42:54,398 - INFO - Trabajos procesados con id 0000-0002-7227-7944 : 81/81
2024-05-15 11:42:55,523 - INFO - Trabajos procesados con id 0000-0001-5438-5995 : 0/0
2024-05-15 11:42:58,577 - INFO - Trabajos procesados con id 0000-0002-2801-6616 : 4/4
2024-05-15 11:42:59,622 - INFO - Trabajos procesados con id 0000-0002-8580-8302 : 0/0
2024-05-15 11:43:33,897 - INFO - Trabajos procesados con id 0000-0003-4684-659X : 99/99
2024-05-15 11:44:02,493 - INFO - Trabajos procesados con id 0000-0003-4370-4799 : 77/77
2024-05-15 11:44:03,577 - INFO - Trabajos procesados con id 0000-0002-3772-7276 : 0/0
2024-05-15 11:44:22,045 - INFO - Trabajos procesados con id 0000-0001-6604-7993 : 47/47
2024-05-15 11:44:44,112 - INFO - Trabajos procesados con id 0000-0002-4154-1394 : 65/65
2024-05-15 11:46:18,924 - INFO - Trabajos procesados con id 0000-0001-7453-5225 : 274/274
2024-05-15 11:46:27,440 - INFO - Trabajos procesados con id 0000-0001-6195-5722 : 22/22
2024-05-15 11:46:31,041 - INFO - Trabajos procesados con id 0000-0002-0779-2704 : 2/2
2024-05-15 11:46:33,660 - INFO - Trabajos procesados con id 0000-0002-2351-3007 : 2/2
2024-05-15 11:47:13,477 - INFO - Trabajos procesados con id 0000-0002-7389-4039 : 121/121
2024-05-15 11:47:16,768 - INFO - Trabajos procesados con id 0000-0001-5511-7298 : 5/5
2024-05-15 11:48:01,176 - INFO - Trabajos procesados con id 0000-0002-4979-1080 : 134/134
2024-05-15 11:48:23,179 - INFO - Trabajos procesados con id 0000-0001-9745-417X : 58/58
2024-05-15 11:48:24,188 - INFO - Trabajos procesados con id 0000-0002-9029-7180 : 0/0
2024-05-15 11:48:25,798 - INFO - Trabajos procesados con id 0000-0001-7893-7918 : 0/0
2024-05-15 11:48:53,571 - INFO - Trabajos procesados con id 0000-0002-7592-3753 : 85/85
2024-05-15 11:48:54,681 - INFO - Trabajos procesados con id 0000-0003-2916-1150 : 0/0
2024-05-15 11:49:56,431 - INFO - Trabajos procesados con id 0000-0003-3597-2048 : 170/170
2024-05-15 11:50:13,036 - INFO - Trabajos procesados con id 0000-0001-6227-075X : 46/46
2024-05-15 11:50:14,174 - INFO - Trabajos procesados con id 0000-0003-1853-9621 : 0/0
2024-05-15 11:50:25,719 - INFO - Trabajos procesados con id 0000-0003-1208-8380 : 32/32
2024-05-15 11:50:29,615 - INFO - Trabajos procesados con id 0000-0002-8731-4672 : 5/5
2024-05-15 11:50:31,796 - INFO - Trabajos procesados con id 0000-0002-0881-7205 : 0/0
2024-05-15 11:50:33,474 - INFO - Trabajos procesados con id 0000-0002-3581-9206 : 0/0
2024-05-15 11:50:34,533 - INFO - Trabajos procesados con id 0000-0003-3824-170X : 0/0
2024-05-15 11:50:45,979 - INFO - Trabajos procesados con id 0000-0002-6195-9165 : 23/23
2024-05-15 11:51:10,089 - INFO - Trabajos procesados con id 0000-0001-8795-0858 : 74/74
2024-05-15 11:51:11,190 - INFO - Trabajos procesados con id 0000-0002-5651-8170 : 0/0
2024-05-15 11:51:14,115 - INFO - Trabajos procesados con id 0000-0002-5227-0737 : 3/3
2024-05-15 11:51:49,428 - INFO - Trabajos procesados con id 0000-0002-8792-872X : 102/102
2024-05-15 11:51:51,169 - INFO - Trabajos procesados con id 0000-0001-7973-5381 : 0/0
2024-05-15 11:51:52,162 - INFO - Trabajos procesados con id 0000-0001-8122-4812 : 0/0
2024-05-15 11:51:54,202 - INFO - Trabajos procesados con id 0000-0002-5502-4232 : 0/0
2024-05-15 11:51:57,339 - INFO - Trabajos procesados con id 0000-0001-5684-1990 : 4/4
2024-05-15 11:51:58,571 - INFO - Trabajos procesados con id 0000-0003-2789-3315 : 0/0
2024-05-15 11:52:15,309 - INFO - Trabajos procesados con id 0000-0001-9143-4784 : 47/47
2024-05-15 11:53:01,106 - INFO - Trabajos procesados con id https://orcid.org/0000-0003-4049-0879 : 124/124
2024-05-15 11:53:08,545 - INFO - Trabajos procesados con id 0000-0002-0522-9694 : 18/18
2024-05-15 11:53:09,612 - INFO - Trabajos procesados con id 0000-0002-1783-4322 : 0/0
2024-05-15 11:53:17,925 - INFO - Trabajos procesados con id 0000-0002-4678-9727 : 19/19
2024-05-15 11:53:32,711 - INFO - Trabajos procesados con id 0000-0001-5023-3150 : 43/43
2024-05-15 11:53:43,227 - INFO - Trabajos procesados con id 0000-0002-7521-2097 : 25/25
2024-05-15 11:54:14,277 - INFO - Trabajos procesados con id 0000-0003-2742-0980 : 72/72
2024-05-15 11:55:31,965 - INFO - Trabajos procesados con id 0000-0003-0105-4337 : 222/222
2024-05-15 11:55:33,111 - INFO - Trabajos procesados con id 0000-0002-6763-5436 : 0/0
2024-05-15 11:55:41,440 - INFO - Trabajos procesados con id 0000-0003-3749-4377 : 20/20
2024-05-15 11:56:04,356 - INFO - Trabajos procesados con id 0000-0002-3018-6809 : 62/62
2024-05-15 11:56:25,470 - INFO - Trabajos procesados con id 0000-0002-9436-6577 : 60/60
2024-05-15 11:57:07,879 - INFO - Trabajos procesados con id 0000-0001-5902-6078 : 121/121
2024-05-15 11:57:09,039 - INFO - Trabajos procesados con id 0000-0002-3432-9037 : 0/0
2024-05-15 11:57:11,217 - INFO - Trabajos procesados con id 0000-0001-8461-2116 : 0/0
2024-05-15 11:57:43,832 - INFO - Trabajos procesados con id 0000-0003-3215-578X : 92/92
2024-05-15 11:57:58,592 - INFO - Trabajos procesados con id 0000-0003-2478-0198 : 37/37
2024-05-15 11:58:35,640 - INFO - Trabajos procesados con id https://orcid.org/0000-0003-0852-3677 : 108/108
2024-05-15 11:58:57,405 - INFO - Trabajos procesados con id https://orcid.org/0000-0002-9450-2305 : 53/53
2024-05-15 11:59:26,628 - INFO - Trabajos procesados con id 0000-0002-3042-4803 : 75/75
2024-05-15 11:59:59,713 - INFO - Trabajos procesados con id 0000-0002-0932-9596 : 99/99
2024-05-15 12:00:16,204 - INFO - Trabajos procesados con id 0000-0003-1766-2855 : 46/46
2024-05-15 12:01:29,935 - INFO - Trabajos procesados con id https://orcid.org/0000-0001-7225-2272 : 203/203
2024-05-15 12:01:32,649 - INFO - Trabajos procesados con id 0000-0002-8543-788X : 0/0
2024-05-15 12:01:56,557 - INFO - Trabajos procesados con id https://orcid.org/0000-0002-1343-6781 : 68/68
2024-05-15 12:01:57,760 - INFO - Trabajos procesados con id 0000-0002-6569-4635 : 0/0
2024-05-15 12:01:58,971 - INFO - Trabajos procesados con id 0000-0001-9223-0898 : 0/0
2024-05-15 12:02:06,607 - INFO - Trabajos procesados con id 0000-0002-4350-0940 : 19/19
2024-05-15 12:03:12,413 - INFO - Trabajos procesados con id 0000-0003-1755-3413 : 187/187
2024-05-15 12:03:41,821 - INFO - Trabajos procesados con id 0000-0002-5746-1372 : 87/87
2024-05-15 12:03:43,447 - INFO - Trabajos procesados con id 0000-0002-5266-9043 : 0/0
2024-05-15 12:03:44,549 - INFO - Trabajos procesados con id 0000-0002-5382-0585 : 0/0
2024-05-15 12:03:52,405 - INFO - Trabajos procesados con id 0000-0003-1714-2796 : 20/20
2024-05-15 12:05:42,031 - INFO - Trabajos procesados con id 0000-0001-7388-1660 : 319/319
2024-05-15 12:05:55,088 - INFO - Trabajos procesados con id 0000-0002-9728-4892 : 27/27
2024-05-15 12:06:03,640 - INFO - Trabajos procesados con id 0000-0002-9462-3668 : 18/18
2024-05-15 12:06:19,240 - INFO - Trabajos procesados con id 0000-0001-6368-3732 : 43/43
2024-05-15 12:06:21,012 - INFO - Trabajos procesados con id 0000-0001-7884-9491 : 0/0
2024-05-15 12:06:22,033 - INFO - Trabajos procesados con id 0000-0001-5412-8585 : 0/0
2024-05-15 12:07:18,510 - INFO - Trabajos procesados con id 0000-0003-4775-1306 : 155/155
2024-05-15 12:07:44,945 - INFO - Trabajos procesados con id 0000-0001-9907-1148 : 72/72
2024-05-15 12:08:14,931 - INFO - Trabajos procesados con id 0000-0002-7266-9665 : 80/80
2024-05-15 12:08:21,951 - INFO - Trabajos procesados con id 0000-0002-3154-8082 : 16/16
2024-05-15 12:11:21,796 - INFO - Trabajos procesados con id 0000-0003-4882-4044 : 512/512
2024-05-15 12:11:23,073 - INFO - Trabajos procesados con id 0000-0002-8292-0796 : 0/0
2024-05-15 12:11:24,818 - INFO - Trabajos procesados con id 0000-0001-5188-9565 : 0/0
2024-05-15 12:11:57,949 - INFO - Trabajos procesados con id 0000-0001-5181-3173 : 86/86
2024-05-15 12:12:03,564 - INFO - Trabajos procesados con id 0000-0002-5172-3271 : 11/11
2024-05-15 12:12:14,083 - INFO - Trabajos procesados con id 0000-0002-7062-5650 : 25/25
2024-05-15 12:12:37,075 - INFO - Trabajos procesados con id 0000-0001-5282-7251 : 65/65
2024-05-15 12:12:57,280 - INFO - Trabajos procesados con id 0000-0003-4054-4232 : 49/49
2024-05-15 12:12:58,412 - INFO - Trabajos procesados con id 0000-0001-5674-7558 : 0/0
2024-05-15 12:13:55,856 - INFO - Trabajos procesados con id 0000-0001-9408-5575 : 161/161
2024-05-15 12:13:57,074 - INFO - Trabajos procesados con id 0000-0001-6112-0063 : 0/0
2024-05-15 12:13:58,106 - INFO - Trabajos procesados con id 0000-0001-7053-1024 : 0/0
2024-05-15 12:13:59,140 - INFO - Trabajos procesados con id 0000-0001-9973-2604 : 0/0
2024-05-15 12:14:22,547 - INFO - Trabajos procesados con id 0000-0002-1243-3642 : 66/66
2024-05-15 12:14:24,214 - INFO - Trabajos procesados con id 0000-0002-7179-7446 : 0/0
2024-05-15 12:14:29,866 - INFO - Trabajos procesados con id 0000-0003-4601-0880 : 10/10
2024-05-15 12:14:57,712 - INFO - Trabajos procesados con id 0000-0002-6978-1867 : 77/77
2024-05-15 12:14:59,452 - INFO - Trabajos procesados con id 0000-0001-8921-2314 : 0/0
2024-05-15 12:15:08,461 - INFO - Trabajos procesados con id 0000-0001-7340-0038 : 20/20
2024-05-15 12:15:59,111 - INFO - Trabajos procesados con id 0000-0002-0048-9315 : 139/139
2024-05-15 12:16:21,815 - INFO - Trabajos procesados con id 0000-0001-5878-8185 : 30/30
2024-05-15 12:16:22,906 - INFO - Trabajos procesados con id 0000-0002-8657-0607 : 0/0
2024-05-15 12:16:45,538 - INFO - Trabajos procesados con id 0000-0003-1629-152X : 41/41
2024-05-15 12:16:56,049 - INFO - Trabajos procesados con id 0000-0001-8306-8710 : 23/23
2024-05-15 12:16:58,717 - INFO - Trabajos procesados con id 0000-0003-0137-9297 : 0/0
2024-05-15 12:17:23,829 - INFO - Trabajos procesados con id 0000-0003-0413-4965 : 66/66
2024-05-15 12:17:41,544 - INFO - Trabajos procesados con id 0000-0001-9313-5104 : 46/46
2024-05-15 12:18:16,947 - INFO - Trabajos procesados con id https://orcid.org/0000-0002-0111-1437 : 95/95
2024-05-15 12:18:18,657 - INFO - Trabajos procesados con id 0000-0002-3625-0824 : 0/0
2024-05-15 12:18:20,710 - INFO - Trabajos procesados con id 0000-0001-7666-3642 : 0/0
2024-05-15 12:18:23,266 - INFO - Trabajos procesados con id https://orcid.org/0000-0003-0023-3069 : 0/0
2024-05-15 12:19:02,603 - INFO - Trabajos procesados con id 0000-0002-6937-3986 : 104/104
2024-05-15 12:19:04,261 - INFO - Trabajos procesados con id 0000-0001-7226-1048 : 0/0
2024-05-15 12:19:05,340 - INFO - Trabajos procesados con id 0000-0002-6995-4625 : 0/0
2024-05-15 12:19:07,755 - INFO - Trabajos procesados con id 0000-0002-2276-789X : 2/2
2024-05-15 12:20:31,696 - INFO - Trabajos procesados con id 0000-0002-6991-5706 : 234/234
2024-05-15 12:21:09,336 - INFO - Trabajos procesados con id 0000-0002-7628-9475 : 102/102
2024-05-15 12:21:14,821 - INFO - Trabajos procesados con id 0000-0002-7980-230X : 7/7
2024-05-15 12:21:16,364 - INFO - Trabajos procesados con id 0000-0002-8437-6157 : 0/0
2024-05-15 12:21:17,474 - INFO - Trabajos procesados con id 0000-0003-4086-5386 : 0/0
2024-05-15 12:21:38,906 - INFO - Trabajos procesados con id 0000-0001-5755-9567 : 46/46
2024-05-15 12:21:54,906 - INFO - Trabajos procesados con id 0000-0001-8227-5304 : 43/43
2024-05-15 12:21:56,033 - INFO - Trabajos procesados con id 0000-0002-9885-7189 : 0/0
2024-05-15 12:21:57,149 - INFO - Trabajos procesados con id 0000-0001-6989-7790 : 0/0
2024-05-15 12:21:58,362 - INFO - Trabajos procesados con id 0000-0001-7598-2078 : 0/0
2024-05-15 12:22:39,872 - INFO - Trabajos procesados con id https://orcid.org/0000-0003-3329-0203 : 90/90
2024-05-15 12:22:46,097 - INFO - Trabajos procesados con id 0000-0002-2431-2856 : 12/12
2024-05-15 12:23:01,402 - INFO - Trabajos procesados con id 0000-0003-2125-6016 : 23/23
2024-05-15 12:23:12,232 - INFO - Trabajos procesados con id 0000-0002-1460-867X : 25/25
2024-05-15 12:23:43,351 - INFO - Trabajos procesados con id 0000-0001-6489-0418 : 76/76
2024-05-15 12:23:45,069 - INFO - Trabajos procesados con id 0000-0003-0098-2537 : 0/0
2024-05-15 12:24:03,895 - INFO - Trabajos procesados con id 0000-0001-7958-1271 : 50/50
2024-05-15 12:24:04,988 - INFO - Trabajos procesados con id 0000-0002-9835-846X : 0/0
2024-05-15 12:24:20,422 - INFO - Trabajos procesados con id 0000-0001-7171-1852 : 23/23
2024-05-15 12:24:25,380 - INFO - Trabajos procesados con id 0000-0003-4275-3062 : 8/8
2024-05-15 12:24:37,079 - INFO - Trabajos procesados con id 0000-0001-5356-7391 : 30/30
2024-05-15 12:24:45,929 - INFO - Trabajos procesados con id 0000-0002-7312-6785 : 23/23
2024-05-15 12:24:47,533 - INFO - Trabajos procesados con id 0000-0002-3124-1902 : 0/0
2024-05-15 12:24:48,644 - INFO - Trabajos procesados con id 0000-0003-1077-5486 : 0/0
2024-05-15 12:24:49,661 - INFO - Trabajos procesados con id 0000-0002-6475-0228 : 0/0
2024-05-15 12:25:37,317 - INFO - Trabajos procesados con id 0000-0002-3834-4891 : 133/133
2024-05-15 12:25:54,407 - INFO - Trabajos procesados con id https://orcid.org/0000-0001-7064-8257 : 41/41
2024-05-15 12:25:55,491 - INFO - Trabajos procesados con id 0000-0002-5909-5572 : 0/0
2024-05-15 12:25:56,584 - INFO - Trabajos procesados con id 0000-0002-7731-1240 : 0/0
2024-05-15 12:25:57,635 - INFO - Trabajos procesados con id 0000-0002-5977-572X : 0/0
2024-05-15 12:26:09,859 - INFO - Trabajos procesados con id 0000-0002-3709-6419 : 32/32
2024-05-15 12:26:28,336 - INFO - Trabajos procesados con id 0000-0002-6349-4015 : 38/38
2024-05-15 12:27:05,554 - INFO - Trabajos procesados con id 0000-0002-2138-0554 : 107/107
2024-05-15 12:27:06,689 - INFO - Trabajos procesados con id 0000-0001-8045-1693 : 0/0
2024-05-15 12:27:23,783 - INFO - Trabajos procesados con id 0000-0002-5173-128X : 44/44
2024-05-15 12:27:35,713 - INFO - Trabajos procesados con id 0000-0002-4021-2695 : 27/27
2024-05-15 12:27:47,964 - INFO - Trabajos procesados con id 0000-0002-3199-6504 : 33/33
2024-05-15 12:27:51,444 - INFO - Trabajos procesados con id 0000-0003-3177-0211 : 6/6
2024-05-15 12:28:07,848 - INFO - Trabajos procesados con id 0000-0002-3040-4618 : 39/39
2024-05-15 12:28:09,099 - INFO - Trabajos procesados con id 0000-0003-4743-0684 : 0/0
2024-05-15 12:28:39,990 - INFO - Trabajos procesados con id 0000-0001-9227-2713 : 80/80
2024-05-15 12:28:46,643 - INFO - Trabajos procesados con id 0000-0002-0999-166X : 10/10
2024-05-15 12:28:47,777 - INFO - Trabajos procesados con id 0000-0003-3728-3924 : 0/0
2024-05-15 12:29:30,885 - INFO - Trabajos procesados con id 0000-0001-7158-7994 : 115/115
2024-05-15 12:30:03,421 - INFO - Trabajos procesados con id 0000-0002-6057-7077 : 91/91
2024-05-15 12:30:05,109 - INFO - Trabajos procesados con id 0000-0003-1759-2674 : 0/0
2024-05-15 12:30:07,996 - INFO - Trabajos procesados con id 0000-0002-3618-7212 : 3/3
2024-05-15 12:30:09,009 - INFO - Trabajos procesados con id 0000-0002-6255-7176 : 0/0
2024-05-15 12:30:12,265 - INFO - Trabajos procesados con id 0000-0002-8689-9445 : 4/4
2024-05-15 12:31:07,869 - INFO - Trabajos procesados con id 0000-0002-9069-395X : 152/152
2024-05-15 12:31:12,970 - INFO - Trabajos procesados con id 0000-0001-9124-4390 : 7/7
2024-05-15 12:31:32,221 - INFO - Trabajos procesados con id 0000-0001-9379-2702 : 41/41
2024-05-15 12:31:33,853 - INFO - Trabajos procesados con id 0000-0002-3945-9666 : 0/0
2024-05-15 12:31:41,624 - INFO - Trabajos procesados con id 0000-0002-7373-2208 : 19/19
2024-05-15 12:31:50,819 - INFO - Trabajos procesados con id 0000-0002-2596-6624 : 21/21
2024-05-15 12:31:53,269 - INFO - Trabajos procesados con id 0000-0002-9337-5316 : 2/2
2024-05-15 12:32:00,864 - INFO - Trabajos procesados con id 0000-0001-5294-0617 : 18/18
2024-05-15 12:32:18,767 - INFO - Trabajos procesados con id 0000-0002-1521-6758 : 46/46
2024-05-15 12:32:36,737 - INFO - Trabajos procesados con id https://orcid.org/0000-0001-7663-6222 : 41/41
2024-05-15 12:32:49,395 - INFO - Trabajos procesados con id 0000-0002-0542-967X : 31/31
2024-05-15 12:33:00,005 - INFO - Trabajos procesados con id 0000-0003-2614-6641 : 13/13
2024-05-15 12:33:37,499 - INFO - Trabajos procesados con id 0000-0002-1776-8388 : 109/109
2024-05-15 12:33:44,707 - INFO - Trabajos procesados con id 0000-0002-2932-9200 : 14/14
2024-05-15 12:33:45,729 - INFO - Trabajos procesados con id 0000-0001-6176-7705 : 0/0
2024-05-15 12:34:11,281 - INFO - Trabajos procesados con id 0000-0001-7582-1776 : 70/70
2024-05-15 12:34:20,154 - INFO - Trabajos procesados con id 0000-0003-3224-6614 : 24/24
2024-05-15 12:34:36,676 - INFO - Trabajos procesados con id 0000-0002-3143-4982 : 40/40
2024-05-15 12:35:15,641 - INFO - Trabajos procesados con id 0000-0001-5883-8832 : 94/94
2024-05-15 12:36:12,816 - INFO - Trabajos procesados con id https://orcid.org/0000-0002-3265-4012 : 161/161
2024-05-15 12:36:16,396 - INFO - Trabajos procesados con id 0000-0001-7126-9275 : 0/0
2024-05-15 12:37:31,793 - INFO - Trabajos procesados con id 0000-0002-3516-6428 : 205/205
2024-05-15 12:37:45,254 - INFO - Trabajos procesados con id 0000-0002-5567-8463 : 31/31
2024-05-15 12:37:55,482 - INFO - Trabajos procesados con id 0000-0002-5500-6093 : 24/24
2024-05-15 12:38:27,344 - INFO - Trabajos procesados con id 0000-0002-8205-9772 : 80/80
2024-05-15 12:38:29,951 - INFO - Trabajos procesados con id 0000-0002-7173-4437 : 0/0
2024-05-15 12:38:32,628 - INFO - Trabajos procesados con id 0000-0003-2605-8537 : 0/0
2024-05-15 12:38:33,752 - INFO - Trabajos procesados con id 0000-0002-7715-2032 : 0/0
2024-05-15 12:38:41,879 - INFO - Trabajos procesados con id https://orcid.org/0000-0001-8864-4852 : 14/14
2024-05-15 12:38:43,382 - INFO - Trabajos procesados con id 0000-0002-5586-6544 : 0/0
2024-05-15 12:39:17,364 - INFO - Trabajos procesados con id 0000-0002-5843-9660 : 94/94
2024-05-15 12:39:18,374 - INFO - Trabajos procesados con id 0000-0003-0995-855X : 0/0
2024-05-15 12:39:55,101 - INFO - Trabajos procesados con id 0000-0002-7577-8242 : 82/82
2024-05-15 12:40:17,398 - INFO - Trabajos procesados con id 0000-0001-5207-654X : 47/47
2024-05-15 12:40:25,185 - INFO - Trabajos procesados con id https://orcid.org/0000-0001-6049-0871 : 14/14
2024-05-15 12:40:26,271 - INFO - Trabajos procesados con id 0000-0001-5067-882X : 0/0
2024-05-15 12:40:34,691 - INFO - Trabajos procesados con id https://orcid.org/0000-0002-8921-5678 : 8/8
2024-05-15 12:40:48,450 - INFO - Trabajos procesados con id 0000-0003-3919-2479 : 28/28
2024-05-15 12:40:49,393 - INFO - Trabajos procesados con id 0000-0003-4670-7303 : 0/0
2024-05-15 12:41:10,221 - INFO - Trabajos procesados con id 0000-0002-8915-5687 : 45/45
2024-05-15 12:41:19,739 - INFO - Trabajos procesados con id 0000-0003-1017-869X : 21/21
2024-05-15 12:41:24,581 - INFO - Trabajos procesados con id 0000-0002-1658-8537 : 9/9
2024-05-15 12:41:53,663 - INFO - Trabajos procesados con id 0000-0001-5915-5515 : 44/44
2024-05-15 12:41:54,831 - INFO - Trabajos procesados con id 0000-0002-0854-0138 : 0/0
2024-05-15 12:41:59,338 - INFO - Trabajos procesados con id 0000-0002-6934-2143 : 7/7
2024-05-15 12:42:00,428 - INFO - Trabajos procesados con id 0000-0003-3837-7295 : 0/0
2024-05-15 12:42:04,020 - INFO - Trabajos procesados con id 0000-0002-2234-570X : 3/3
2024-05-15 12:42:07,851 - INFO - Trabajos procesados con id 0000-0002-1733-3958 : 7/7
2024-05-15 12:42:09,437 - INFO - Trabajos procesados con id 0000-0001-9889-6535 : 0/0
2024-05-15 12:42:11,963 - INFO - Trabajos procesados con id 0000-0002-9729-3174 : 3/3
2024-05-15 12:42:45,338 - INFO - Trabajos procesados con id https://orcid.org/0000-0001-8025-5879 : 86/86
2024-05-15 12:42:48,330 - INFO - Trabajos procesados con id 0000-0003-1162-5025 : 3/3
2024-05-15 12:43:02,649 - INFO - Trabajos procesados con id 0000-0001-5776-0455 : 34/34
2024-05-15 12:43:55,965 - INFO - Trabajos procesados con id 0000-0002-9801-4130 : 137/137
2024-05-15 12:44:04,214 - INFO - Trabajos procesados con id 0000-0002-7314-5521 : 18/18
2024-05-15 12:44:34,725 - INFO - Trabajos procesados con id 0000-0001-5530-1714 : 85/85
2024-05-15 12:44:44,824 - INFO - Trabajos procesados con id https://orcid.org/0000-0002-1728-7656 : 21/21
2024-05-15 12:44:56,503 - INFO - Trabajos procesados con id 0000-0003-4345-3950 : 27/27
2024-05-15 12:45:04,114 - INFO - Trabajos procesados con id 0000-0002-8374-5598 : 18/18
2024-05-15 12:45:11,428 - INFO - Trabajos procesados con id 0000-0001-6542-6262 : 17/17
2024-05-15 12:45:12,516 - INFO - Trabajos procesados con id 0000-0002-8708-2584 : 0/0
2024-05-15 12:45:17,502 - INFO - Trabajos procesados con id 0000-0001-6152-1158 : 9/9
2024-05-15 12:45:18,658 - INFO - Trabajos procesados con id 0000-0002-6004-9653 : 0/0
2024-05-15 12:45:22,133 - INFO - Trabajos procesados con id 0000-0001-8765-8160 : 4/4
2024-05-15 12:45:29,387 - INFO - Trabajos procesados con id 0000-0002-1943-0209 : 14/14
2024-05-15 12:45:36,265 - INFO - Trabajos procesados con id 0000-0003-1742-8399 : 13/13
2024-05-15 12:45:38,944 - INFO - Trabajos procesados con id 0000-0001-8274-3294 : 3/3
2024-05-15 12:45:54,268 - INFO - Trabajos procesados con id 0000-0002-2855-4801 : 39/39
2024-05-15 12:45:55,359 - INFO - Trabajos procesados con id 0000-0003-0389-2422 : 0/0
2024-05-15 12:46:06,058 - INFO - Trabajos procesados con id 0000-0002-3070-7627 : 25/25
2024-05-15 12:46:07,123 - INFO - Trabajos procesados con id 0000-0002-8475-0313 : 0/0
2024-05-15 12:46:12,242 - INFO - Trabajos procesados con id 0000-0003-1229-9030 : 7/7
2024-05-15 12:46:22,522 - INFO - Trabajos procesados con id https://orcid.org/0000-0002-5792-9457 : 20/20
2024-05-15 12:46:30,108 - INFO - Trabajos procesados con id https://orcid.org/0000-0001-9672-334X : 11/11
2024-05-15 12:46:44,783 - INFO - Trabajos procesados con id https://orcid.org/0000-0002-1116-8664 : 28/28
2024-05-15 12:47:00,573 - INFO - Trabajos procesados con id 0000-0001-8138-551X : 30/30
2024-05-15 12:47:41,954 - INFO - Trabajos procesados con id https://orcid.org/0000-0003-4535-8543 : 117/117
2024-05-15 12:47:43,019 - INFO - Trabajos procesados con id 0000-0001-6016-9543 : 0/0
2024-05-15 12:47:56,576 - INFO - Trabajos procesados con id 0000-0002-2081-7523 : 32/32
2024-05-15 12:48:15,454 - INFO - Trabajos procesados con id 0000-0003-0276-3012 : 35/35
2024-05-15 12:48:24,435 - INFO - Trabajos procesados con id 0000-0002-0053-266X : 18/18
2024-05-15 12:48:49,603 - INFO - Trabajos procesados con id 0000-0001-6705-7122 : 61/61
2024-05-15 12:49:05,691 - INFO - Trabajos procesados con id 0000-0002-9127-2794 : 31/31
2024-05-15 12:49:09,399 - INFO - Trabajos procesados con id 0000-0002-1817-1188 : 6/6
2024-05-15 12:49:10,493 - INFO - Trabajos procesados con id 0000-0002-8851-7914 : 0/0
2024-05-15 12:49:19,749 - INFO - Trabajos procesados con id 0000-0002-7685-1085 : 20/20
2024-05-15 12:49:20,965 - INFO - Trabajos procesados con id 0000-0002-5651-0128 : 0/0
2024-05-15 12:49:32,948 - INFO - Trabajos procesados con id 0000-0002-6261-349X : 23/23
2024-05-15 12:49:37,361 - INFO - Trabajos procesados con id 0000-0001-9142-1203 : 3/3
2024-05-15 12:49:45,368 - INFO - Trabajos procesados con id 0000-0003-4434-4764 : 17/17
2024-05-15 12:49:46,468 - INFO - Trabajos procesados con id 0000-0002-9516-0394 : 0/0
2024-05-15 12:49:48,637 - INFO - Trabajos procesados con id 0000-0002-3647-8052 : 0/0
2024-05-15 12:49:54,661 - INFO - Trabajos procesados con id 0000-0002-2857-3893 : 10/10
2024-05-15 12:49:59,100 - INFO - Trabajos procesados con id 0000-0003-4632-3035 : 1/1
2024-05-15 12:50:03,652 - INFO - Trabajos procesados con id 0000-0002-5929-7393 : 5/5
2024-05-15 12:50:27,806 - INFO - Trabajos procesados con id 0000-0001-5944-4683 : 44/44
2024-05-15 12:50:37,638 - INFO - Trabajos procesados con id https://orcid.org/0000-0003-1578-3565 : 17/17
2024-05-15 12:50:49,719 - INFO - Trabajos procesados con id 0000-0002-5954-8201 : 24/24
2024-05-15 12:50:56,902 - INFO - Trabajos procesados con id 0000-0002-7504-4070 : 13/13
2024-05-15 12:51:10,291 - INFO - Trabajos procesados con id 0000-0003-3756-9914 : 26/26
2024-05-15 12:51:15,810 - INFO - Trabajos procesados con id 0000-0002-8678-9916 : 11/11
2024-05-15 12:51:28,285 - INFO - Trabajos procesados con id 0000-0002-4719-2607 : 26/26
2024-05-15 12:52:08,548 - INFO - Trabajos procesados con id 0000-0003-1034-5988 : 87/87
2024-05-15 12:52:09,624 - INFO - Trabajos procesados con id 0000-0002-5994-5004 : 0/0
2024-05-15 12:52:15,472 - INFO - Trabajos procesados con id 0000-0002-6787-594X : 9/9
2024-05-15 12:52:16,593 - INFO - Trabajos procesados con id 0000-0002-1552-0581 : 0/0
2024-05-15 12:52:25,181 - INFO - Trabajos procesados con id 0000-0001-6779-8553 : 18/18
2024-05-15 12:52:26,228 - INFO - Trabajos procesados con id 0000-0002-3540-828X : 0/0
2024-05-15 12:52:27,246 - INFO - Trabajos procesados con id 0000-0001-9118-3874 : 0/0
2024-05-15 12:52:28,286 - INFO - Trabajos procesados con id 0000-0003-4278-9006 : 0/0
2024-05-15 12:52:29,305 - INFO - Trabajos procesados con id 0000-0003-1560-0861 : 0/0
2024-05-15 12:52:35,585 - INFO - Trabajos procesados con id 0000-0002-1503-0881 : 7/7
2024-05-15 12:52:41,377 - INFO - Trabajos procesados con id 0000-0003-3093-8238 : 11/11
2024-05-15 12:52:44,287 - INFO - Trabajos procesados con id 0000-0003-4968-539X : 2/2
2024-05-15 12:53:53,973 - INFO - Trabajos procesados con id 0000-0002-3986-7686 : 178/178
2024-05-15 12:53:59,414 - INFO - Trabajos procesados con id 0000-0002-6204-272X : 11/11
2024-05-15 12:54:00,526 - INFO - Trabajos procesados con id 0000-0003-3874-5182 : 0/0
2024-05-15 12:54:01,591 - INFO - Trabajos procesados con id 0000-0003-0367-8012 : 0/0
2024-05-15 12:54:05,116 - INFO - Trabajos procesados con id 0000-0001-6497-0565 : 1/1
2024-05-15 12:54:09,635 - INFO - Trabajos procesados con id 0000-0001-9660-5861 : 6/6
2024-05-15 12:54:13,814 - INFO - Trabajos procesados con id 0000-0002-9835-6069 : 6/6
2024-05-15 12:54:16,429 - INFO - Trabajos procesados con id 0000-0002-7339-2389 : 0/0
2024-05-15 12:54:23,181 - INFO - Trabajos procesados con id 0000-0001-9340-2639 : 10/10
2024-05-15 12:54:27,057 - INFO - Trabajos procesados con id 0000-0003-1844-7575 : 6/6
2024-05-15 12:54:31,709 - INFO - Trabajos procesados con id 0000-0002-9398-2052 : 9/9
2024-05-15 12:54:35,503 - INFO - Trabajos procesados con id 0000-0002-1927-5253 : 4/4
2024-05-15 12:54:36,647 - INFO - Trabajos procesados con id 0009-0006-1322-3571 : 0/0
2024-05-15 12:54:41,717 - INFO - Trabajos procesados con id 0000-0002-1859-0518 : 8/8
2024-05-15 12:54:57,461 - INFO - Trabajos procesados con id 0000-0001-7960-7558 : 31/31
2024-05-15 12:55:11,331 - INFO - Trabajos procesados con id 0000-0003-1064-5139 : 18/18
2024-05-15 12:55:22,860 - INFO - Trabajos procesados con id https://orcid.org/0000-0002-0113-7848 : 25/25
2024-05-15 12:55:58,202 - INFO - Trabajos procesados con id 0000-0002-5511-1272 : 94/94
2024-05-15 12:55:59,900 - INFO - Trabajos procesados con id 0000-0002-6299-2899 : 0/0
2024-05-15 12:56:06,209 - INFO - Trabajos procesados con id 0000-0002-6792-1416 : 4/4
2024-05-15 12:56:09,224 - INFO - Trabajos procesados con id 0000-0001-7065-4331 : 3/3
2024-05-15 12:56:15,558 - INFO - Trabajos procesados con id 0000-0003-2810-3477 : 10/10
2024-05-15 12:56:16,574 - INFO - Trabajos procesados con id 0000-0001-6422-9515 : 0/0
2024-05-15 12:56:22,923 - INFO - Trabajos procesados con id 0000-0003-1411-962X : 9/9
2024-05-15 12:56:26,718 - INFO - Trabajos procesados con id 0000-0002-3791-0599 : 3/3
2024-05-15 12:56:28,292 - INFO - Trabajos procesados con id 0000-0002-9314-0824 : 0/0
2024-05-15 12:56:34,588 - INFO - Trabajos procesados con id 0000-0003-4924-2628 : 10/10
2024-05-15 12:57:46,883 - INFO - Trabajos procesados con id 0000-0002-3016-4976 : 165/165
2024-05-15 12:57:49,641 - INFO - Trabajos procesados con id 0000-0002-1980-9956 : 3/3
2024-05-15 12:57:54,697 - INFO - Trabajos procesados con id 0000-0003-3084-0927 : 6/6
2024-05-15 12:57:58,589 - INFO - Trabajos procesados con id 0000-0003-4292-8723 : 5/5
2024-05-15 12:58:01,531 - INFO - Trabajos procesados con id 0000-0002-7475-7765 : 3/3
2024-05-15 12:58:31,105 - INFO - Trabajos procesados con id https://orcid.org/0000-0003-0161-412X : 62/62
2024-05-15 12:58:37,150 - INFO - Trabajos procesados con id 0000-0002-7907-4330 : 12/12
2024-05-15 12:58:46,730 - INFO - Trabajos procesados con id 0000-0001-8255-926X : 17/17
2024-05-15 12:58:55,768 - INFO - Trabajos procesados con id https://orcid.org/0000-0003-3973-6704 : 16/16
2024-05-15 12:59:10,341 - INFO - Trabajos procesados con id 0000-0003-2150-4032 : 32/32
2024-05-15 12:59:31,188 - INFO - Trabajos procesados con id https://orcid.org/0000-0001-8518-2787 : 40/40
2024-05-15 12:59:34,765 - INFO - Trabajos procesados con id 0009-0002-0532-7689 : 5/5
2024-05-15 12:59:39,354 - INFO - Trabajos procesados con id 0000-0002-8191-5346 : 6/6
2024-05-15 12:59:40,371 - INFO - Trabajos procesados con id 0000-0001-7708-9195 : 0/0
2024-05-15 12:59:44,066 - INFO - Trabajos procesados con id 0000-0003-1537-8818 : 5/5
2024-05-15 12:59:45,155 - INFO - Trabajos procesados con id 0009-0001-5956-7330 : 0/0
2024-05-15 13:00:02,531 - INFO - Trabajos procesados con id 0000-0001-8084-2387 : 47/47
2024-05-15 13:00:04,140 - INFO - Trabajos procesados con id 0000-0003-4157-7183 : 0/0
2024-05-15 13:00:12,177 - INFO - Trabajos procesados con id 0000-0002-9181-5234 : 16/16
2024-05-15 13:00:17,714 - INFO - Trabajos procesados con id 0000-0001-5715-5140 : 8/8
